Internal Server Error: /register/
Traceback (most recent call last):
  File "C:\Users\jcrod\OneDrive\Desktop\Universidad\cuartoSemestre\LaboratorioSoftwareIII\proyecto\proyecto_ambiente\Lib\site-packages\django\core\handlers\exception.py", line 55, in inner
    response = get_response(request)
               ^^^^^^^^^^^^^^^^^^^^^
  File "C:\Users\jcrod\OneDrive\Desktop\Universidad\cuartoSemestre\LaboratorioSoftwareIII\proyecto\proyecto_ambiente\Lib\site-packages\django\core\handlers\base.py", line 220, in _get_response
    response = response.render()
               ^^^^^^^^^^^^^^^^^
  File "C:\Users\jcrod\OneDrive\Desktop\Universidad\cuartoSemestre\LaboratorioSoftwareIII\proyecto\proyecto_ambiente\Lib\site-packages\django\template\response.py", line 111, in render
    self.content = self.rendered_content
                   ^^^^^^^^^^^^^^^^^^^^^
  File "C:\Users\jcrod\OneDrive\Desktop\Universidad\cuartoSemestre\LaboratorioSoftwareIII\proyecto\proyecto_ambiente\Lib\site-packages\django\template\response.py", line 87, in rendered_content
    template = self.resolve_template(self.template_name)
               ^^^^^^^^^^^^^^^^^^^^^^^^^^^^^^^^^^^^^^^^^
  File "C:\Users\jcrod\OneDrive\Desktop\Universidad\cuartoSemestre\LaboratorioSoftwareIII\proyecto\proyecto_ambiente\Lib\site-packages\django\template\response.py", line 69, in resolve_template
    return select_template(template, using=self.using)
           ^^^^^^^^^^^^^^^^^^^^^^^^^^^^^^^^^^^^^^^^^^^
  File "C:\Users\jcrod\OneDrive\Desktop\Universidad\cuartoSemestre\LaboratorioSoftwareIII\proyecto\proyecto_ambiente\Lib\site-packages\django\template\loader.py", line 42, in select_template
    return engine.get_template(template_name)
           ^^^^^^^^^^^^^^^^^^^^^^^^^^^^^^^^^^
  File "C:\Users\jcrod\OneDrive\Desktop\Universidad\cuartoSemestre\LaboratorioSoftwareIII\proyecto\proyecto_ambiente\Lib\site-packages\django\template\backends\django.py", line 33, in get_template
    return Template(self.engine.get_template(template_name), self)
                    ^^^^^^^^^^^^^^^^^^^^^^^^^^^^^^^^^^^^^^^
  File "C:\Users\jcrod\OneDrive\Desktop\Universidad\cuartoSemestre\LaboratorioSoftwareIII\proyecto\proyecto_ambiente\Lib\site-packages\django\template\engine.py", line 175, in get_template
    template, origin = self.find_template(template_name)
                       ^^^^^^^^^^^^^^^^^^^^^^^^^^^^^^^^^
  File "C:\Users\jcrod\OneDrive\Desktop\Universidad\cuartoSemestre\LaboratorioSoftwareIII\proyecto\proyecto_ambiente\Lib\site-packages\django\template\engine.py", line 157, in find_template
    template = loader.get_template(name, skip=skip)
               ^^^^^^^^^^^^^^^^^^^^^^^^^^^^^^^^^^^^
  File "C:\Users\jcrod\OneDrive\Desktop\Universidad\cuartoSemestre\LaboratorioSoftwareIII\proyecto\proyecto_ambiente\Lib\site-packages\django\template\loaders\cached.py", line 57, in get_template
    template = super().get_template(template_name, skip)
               ^^^^^^^^^^^^^^^^^^^^^^^^^^^^^^^^^^^^^^^^^
  File "C:\Users\jcrod\OneDrive\Desktop\Universidad\cuartoSemestre\LaboratorioSoftwareIII\proyecto\proyecto_ambiente\Lib\site-packages\django\template\loaders\base.py", line 28, in get_template
    return Template(
           ^^^^^^^^^
  File "C:\Users\jcrod\OneDrive\Desktop\Universidad\cuartoSemestre\LaboratorioSoftwareIII\proyecto\proyecto_ambiente\Lib\site-packages\django\template\base.py", line 154, in __init__
    self.nodelist = self.compile_nodelist()
                    ^^^^^^^^^^^^^^^^^^^^^^^
  File "C:\Users\jcrod\OneDrive\Desktop\Universidad\cuartoSemestre\LaboratorioSoftwareIII\proyecto\proyecto_ambiente\Lib\site-packages\django\template\base.py", line 200, in compile_nodelist
    return parser.parse()
           ^^^^^^^^^^^^^^
  File "C:\Users\jcrod\OneDrive\Desktop\Universidad\cuartoSemestre\LaboratorioSoftwareIII\proyecto\proyecto_ambiente\Lib\site-packages\django\template\base.py", line 484, in parse
    raise self.error(token, e)
  File "C:\Users\jcrod\OneDrive\Desktop\Universidad\cuartoSemestre\LaboratorioSoftwareIII\proyecto\proyecto_ambiente\Lib\site-packages\django\template\base.py", line 482, in parse
    filter_expression = self.compile_filter(token.contents)
                        ^^^^^^^^^^^^^^^^^^^^^^^^^^^^^^^^^^^
  File "C:\Users\jcrod\OneDrive\Desktop\Universidad\cuartoSemestre\LaboratorioSoftwareIII\proyecto\proyecto_ambiente\Lib\site-packages\django\template\base.py", line 600, in compile_filter
    return FilterExpression(token, self)
           ^^^^^^^^^^^^^^^^^^^^^^^^^^^^^
  File "C:\Users\jcrod\OneDrive\Desktop\Universidad\cuartoSemestre\LaboratorioSoftwareIII\proyecto\proyecto_ambiente\Lib\site-packages\django\template\base.py", line 698, in __init__
    filter_func = parser.find_filter(filter_name)
                  ^^^^^^^^^^^^^^^^^^^^^^^^^^^^^^^
  File "C:\Users\jcrod\OneDrive\Desktop\Universidad\cuartoSemestre\LaboratorioSoftwareIII\proyecto\proyecto_ambiente\Lib\site-packages\django\template\base.py", line 606, in find_filter
    raise TemplateSyntaxError("Invalid filter: '%s'" % filter_name)
django.template.exceptions.TemplateSyntaxError: Invalid filter: 'add_class'
Internal Server Error: /registro/
Traceback (most recent call last):
  File "C:\Users\jcrod\OneDrive\Desktop\Universidad\cuartoSemestre\LaboratorioSoftwareIII\proyecto\proyecto_ambiente\Lib\site-packages\django\core\handlers\exception.py", line 55, in inner
    response = get_response(request)
               ^^^^^^^^^^^^^^^^^^^^^
  File "C:\Users\jcrod\OneDrive\Desktop\Universidad\cuartoSemestre\LaboratorioSoftwareIII\proyecto\proyecto_ambiente\Lib\site-packages\django\core\handlers\base.py", line 197, in _get_response
    response = wrapped_callback(request, *callback_args, **callback_kwargs)
               ^^^^^^^^^^^^^^^^^^^^^^^^^^^^^^^^^^^^^^^^^^^^^^^^^^^^^^^^^^^^
  File "C:\Users\jcrod\OneDrive\Desktop\Universidad\cuartoSemestre\LaboratorioSoftwareIII\proyecto\proyecto_ambiente\Lib\site-packages\django\views\generic\base.py", line 104, in view
    return self.dispatch(request, *args, **kwargs)
           ^^^^^^^^^^^^^^^^^^^^^^^^^^^^^^^^^^^^^^^
  File "C:\Users\jcrod\OneDrive\Desktop\Universidad\cuartoSemestre\LaboratorioSoftwareIII\proyecto\proyecto_ambiente\Lib\site-packages\django\views\generic\base.py", line 143, in dispatch
    return handler(request, *args, **kwargs)
           ^^^^^^^^^^^^^^^^^^^^^^^^^^^^^^^^^
  File "C:\Users\jcrod\OneDrive\Desktop\Universidad\cuartoSemestre\LaboratorioSoftwareIII\proyecto\cakesoft_proyecto\cakesoft_app\views.py", line 34, in get
    form = RegistroForm()
           ^^^^^^^^^^^^^^
  File "C:\Users\jcrod\OneDrive\Desktop\Universidad\cuartoSemestre\LaboratorioSoftwareIII\proyecto\proyecto_ambiente\Lib\site-packages\django\contrib\auth\forms.py", line 113, in __init__
    if self._meta.model.USERNAME_FIELD in self.fields:
       ^^^^^^^^^^^^^^^^^^^^^^^^^^^^^^^
AttributeError: type object 'Cliente' has no attribute 'USERNAME_FIELD'
Internal Server Error: /registro/
Traceback (most recent call last):
  File "C:\Users\jcrod\OneDrive\Desktop\Universidad\cuartoSemestre\LaboratorioSoftwareIII\proyecto\proyecto_ambiente\Lib\site-packages\django\core\handlers\exception.py", line 55, in inner
    response = get_response(request)
               ^^^^^^^^^^^^^^^^^^^^^
  File "C:\Users\jcrod\OneDrive\Desktop\Universidad\cuartoSemestre\LaboratorioSoftwareIII\proyecto\proyecto_ambiente\Lib\site-packages\django\core\handlers\base.py", line 197, in _get_response
    response = wrapped_callback(request, *callback_args, **callback_kwargs)
               ^^^^^^^^^^^^^^^^^^^^^^^^^^^^^^^^^^^^^^^^^^^^^^^^^^^^^^^^^^^^
  File "C:\Users\jcrod\OneDrive\Desktop\Universidad\cuartoSemestre\LaboratorioSoftwareIII\proyecto\proyecto_ambiente\Lib\site-packages\django\views\generic\base.py", line 104, in view
    return self.dispatch(request, *args, **kwargs)
           ^^^^^^^^^^^^^^^^^^^^^^^^^^^^^^^^^^^^^^^
  File "C:\Users\jcrod\OneDrive\Desktop\Universidad\cuartoSemestre\LaboratorioSoftwareIII\proyecto\proyecto_ambiente\Lib\site-packages\django\views\generic\base.py", line 143, in dispatch
    return handler(request, *args, **kwargs)
           ^^^^^^^^^^^^^^^^^^^^^^^^^^^^^^^^^
  File "C:\Users\jcrod\OneDrive\Desktop\Universidad\cuartoSemestre\LaboratorioSoftwareIII\proyecto\cakesoft_proyecto\cakesoft_app\views.py", line 34, in get
    form = RegistroForm()
           ^^^^^^^^^^^^^^
  File "C:\Users\jcrod\OneDrive\Desktop\Universidad\cuartoSemestre\LaboratorioSoftwareIII\proyecto\proyecto_ambiente\Lib\site-packages\django\contrib\auth\forms.py", line 113, in __init__
    if self._meta.model.USERNAME_FIELD in self.fields:
       ^^^^^^^^^^^^^^^^^^^^^^^^^^^^^^^
AttributeError: type object 'Cliente' has no attribute 'USERNAME_FIELD'
Internal Server Error: /administrar/cliente/editar/1006268770
Traceback (most recent call last):
  File "C:\Users\jcrod\OneDrive\Desktop\Universidad\cuartoSemestre\LaboratorioSoftwareIII\proyecto\proyecto_ambiente\Lib\site-packages\django\core\handlers\exception.py", line 55, in inner
    response = get_response(request)
               ^^^^^^^^^^^^^^^^^^^^^
  File "C:\Users\jcrod\OneDrive\Desktop\Universidad\cuartoSemestre\LaboratorioSoftwareIII\proyecto\proyecto_ambiente\Lib\site-packages\django\core\handlers\base.py", line 197, in _get_response
    response = wrapped_callback(request, *callback_args, **callback_kwargs)
               ^^^^^^^^^^^^^^^^^^^^^^^^^^^^^^^^^^^^^^^^^^^^^^^^^^^^^^^^^^^^
  File "C:\Users\jcrod\OneDrive\Desktop\Universidad\cuartoSemestre\LaboratorioSoftwareIII\proyecto\proyecto_ambiente\Lib\site-packages\django\views\generic\base.py", line 104, in view
    return self.dispatch(request, *args, **kwargs)
           ^^^^^^^^^^^^^^^^^^^^^^^^^^^^^^^^^^^^^^^
  File "C:\Users\jcrod\OneDrive\Desktop\Universidad\cuartoSemestre\LaboratorioSoftwareIII\proyecto\proyecto_ambiente\Lib\site-packages\django\views\generic\base.py", line 143, in dispatch
    return handler(request, *args, **kwargs)
           ^^^^^^^^^^^^^^^^^^^^^^^^^^^^^^^^^
  File "C:\Users\jcrod\OneDrive\Desktop\Universidad\cuartoSemestre\LaboratorioSoftwareIII\proyecto\proyecto_ambiente\Lib\site-packages\django\views\generic\edit.py", line 204, in get
    return super().get(request, *args, **kwargs)
           ^^^^^^^^^^^^^^^^^^^^^^^^^^^^^^^^^^^^^
  File "C:\Users\jcrod\OneDrive\Desktop\Universidad\cuartoSemestre\LaboratorioSoftwareIII\proyecto\proyecto_ambiente\Lib\site-packages\django\views\generic\edit.py", line 144, in get
    return self.render_to_response(self.get_context_data())
                                   ^^^^^^^^^^^^^^^^^^^^^^^
  File "C:\Users\jcrod\OneDrive\Desktop\Universidad\cuartoSemestre\LaboratorioSoftwareIII\proyecto\proyecto_ambiente\Lib\site-packages\django\views\generic\edit.py", line 74, in get_context_data
    kwargs["form"] = self.get_form()
                     ^^^^^^^^^^^^^^^
  File "C:\Users\jcrod\OneDrive\Desktop\Universidad\cuartoSemestre\LaboratorioSoftwareIII\proyecto\proyecto_ambiente\Lib\site-packages\django\views\generic\edit.py", line 39, in get_form
    return form_class(**self.get_form_kwargs())
           ^^^^^^^^^^^^^^^^^^^^^^^^^^^^^^^^^^^^
TypeError: BaseForm.__init__() got an unexpected keyword argument 'instance'
Internal Server Error: /administrar/cliente/editar/1006268770
Traceback (most recent call last):
  File "C:\Users\jcrod\OneDrive\Desktop\Universidad\cuartoSemestre\LaboratorioSoftwareIII\proyecto\proyecto_ambiente\Lib\site-packages\django\core\handlers\exception.py", line 55, in inner
    response = get_response(request)
               ^^^^^^^^^^^^^^^^^^^^^
  File "C:\Users\jcrod\OneDrive\Desktop\Universidad\cuartoSemestre\LaboratorioSoftwareIII\proyecto\proyecto_ambiente\Lib\site-packages\django\core\handlers\base.py", line 197, in _get_response
    response = wrapped_callback(request, *callback_args, **callback_kwargs)
               ^^^^^^^^^^^^^^^^^^^^^^^^^^^^^^^^^^^^^^^^^^^^^^^^^^^^^^^^^^^^
  File "C:\Users\jcrod\OneDrive\Desktop\Universidad\cuartoSemestre\LaboratorioSoftwareIII\proyecto\proyecto_ambiente\Lib\site-packages\django\views\generic\base.py", line 104, in view
    return self.dispatch(request, *args, **kwargs)
           ^^^^^^^^^^^^^^^^^^^^^^^^^^^^^^^^^^^^^^^
  File "C:\Users\jcrod\OneDrive\Desktop\Universidad\cuartoSemestre\LaboratorioSoftwareIII\proyecto\proyecto_ambiente\Lib\site-packages\django\views\generic\base.py", line 143, in dispatch
    return handler(request, *args, **kwargs)
           ^^^^^^^^^^^^^^^^^^^^^^^^^^^^^^^^^
  File "C:\Users\jcrod\OneDrive\Desktop\Universidad\cuartoSemestre\LaboratorioSoftwareIII\proyecto\proyecto_ambiente\Lib\site-packages\django\views\generic\edit.py", line 204, in get
    return super().get(request, *args, **kwargs)
           ^^^^^^^^^^^^^^^^^^^^^^^^^^^^^^^^^^^^^
  File "C:\Users\jcrod\OneDrive\Desktop\Universidad\cuartoSemestre\LaboratorioSoftwareIII\proyecto\proyecto_ambiente\Lib\site-packages\django\views\generic\edit.py", line 144, in get
    return self.render_to_response(self.get_context_data())
                                   ^^^^^^^^^^^^^^^^^^^^^^^
  File "C:\Users\jcrod\OneDrive\Desktop\Universidad\cuartoSemestre\LaboratorioSoftwareIII\proyecto\proyecto_ambiente\Lib\site-packages\django\views\generic\edit.py", line 74, in get_context_data
    kwargs["form"] = self.get_form()
                     ^^^^^^^^^^^^^^^
  File "C:\Users\jcrod\OneDrive\Desktop\Universidad\cuartoSemestre\LaboratorioSoftwareIII\proyecto\proyecto_ambiente\Lib\site-packages\django\views\generic\edit.py", line 39, in get_form
    return form_class(**self.get_form_kwargs())
           ^^^^^^^^^^^^^^^^^^^^^^^^^^^^^^^^^^^^
TypeError: BaseForm.__init__() got an unexpected keyword argument 'instance'
Internal Server Error: /administrar/cliente/editar/1006268770
Traceback (most recent call last):
  File "C:\Users\jcrod\OneDrive\Desktop\Universidad\cuartoSemestre\LaboratorioSoftwareIII\proyecto\proyecto_ambiente\Lib\site-packages\django\core\handlers\exception.py", line 55, in inner
    response = get_response(request)
               ^^^^^^^^^^^^^^^^^^^^^
  File "C:\Users\jcrod\OneDrive\Desktop\Universidad\cuartoSemestre\LaboratorioSoftwareIII\proyecto\proyecto_ambiente\Lib\site-packages\django\core\handlers\base.py", line 197, in _get_response
    response = wrapped_callback(request, *callback_args, **callback_kwargs)
               ^^^^^^^^^^^^^^^^^^^^^^^^^^^^^^^^^^^^^^^^^^^^^^^^^^^^^^^^^^^^
  File "C:\Users\jcrod\OneDrive\Desktop\Universidad\cuartoSemestre\LaboratorioSoftwareIII\proyecto\proyecto_ambiente\Lib\site-packages\django\views\generic\base.py", line 104, in view
    return self.dispatch(request, *args, **kwargs)
           ^^^^^^^^^^^^^^^^^^^^^^^^^^^^^^^^^^^^^^^
  File "C:\Users\jcrod\OneDrive\Desktop\Universidad\cuartoSemestre\LaboratorioSoftwareIII\proyecto\proyecto_ambiente\Lib\site-packages\django\views\generic\base.py", line 143, in dispatch
    return handler(request, *args, **kwargs)
           ^^^^^^^^^^^^^^^^^^^^^^^^^^^^^^^^^
  File "C:\Users\jcrod\OneDrive\Desktop\Universidad\cuartoSemestre\LaboratorioSoftwareIII\proyecto\proyecto_ambiente\Lib\site-packages\django\views\generic\edit.py", line 204, in get
    return super().get(request, *args, **kwargs)
           ^^^^^^^^^^^^^^^^^^^^^^^^^^^^^^^^^^^^^
  File "C:\Users\jcrod\OneDrive\Desktop\Universidad\cuartoSemestre\LaboratorioSoftwareIII\proyecto\proyecto_ambiente\Lib\site-packages\django\views\generic\edit.py", line 144, in get
    return self.render_to_response(self.get_context_data())
                                   ^^^^^^^^^^^^^^^^^^^^^^^
  File "C:\Users\jcrod\OneDrive\Desktop\Universidad\cuartoSemestre\LaboratorioSoftwareIII\proyecto\proyecto_ambiente\Lib\site-packages\django\views\generic\edit.py", line 74, in get_context_data
    kwargs["form"] = self.get_form()
                     ^^^^^^^^^^^^^^^
  File "C:\Users\jcrod\OneDrive\Desktop\Universidad\cuartoSemestre\LaboratorioSoftwareIII\proyecto\proyecto_ambiente\Lib\site-packages\django\views\generic\edit.py", line 39, in get_form
    return form_class(**self.get_form_kwargs())
           ^^^^^^^^^^^^^^^^^^^^^^^^^^^^^^^^^^^^
TypeError: BaseForm.__init__() got an unexpected keyword argument 'instance'
Internal Server Error: /administrar/cliente/
Traceback (most recent call last):
  File "C:\Users\jcrod\OneDrive\Desktop\Universidad\cuartoSemestre\LaboratorioSoftwareIII\proyecto\proyecto_ambiente\Lib\site-packages\django\core\handlers\exception.py", line 55, in inner
    response = get_response(request)
               ^^^^^^^^^^^^^^^^^^^^^
  File "C:\Users\jcrod\OneDrive\Desktop\Universidad\cuartoSemestre\LaboratorioSoftwareIII\proyecto\proyecto_ambiente\Lib\site-packages\django\core\handlers\base.py", line 220, in _get_response
    response = response.render()
               ^^^^^^^^^^^^^^^^^
  File "C:\Users\jcrod\OneDrive\Desktop\Universidad\cuartoSemestre\LaboratorioSoftwareIII\proyecto\proyecto_ambiente\Lib\site-packages\django\template\response.py", line 111, in render
    self.content = self.rendered_content
                   ^^^^^^^^^^^^^^^^^^^^^
  File "C:\Users\jcrod\OneDrive\Desktop\Universidad\cuartoSemestre\LaboratorioSoftwareIII\proyecto\proyecto_ambiente\Lib\site-packages\django\template\response.py", line 89, in rendered_content
    return template.render(context, self._request)
           ^^^^^^^^^^^^^^^^^^^^^^^^^^^^^^^^^^^^^^^
  File "C:\Users\jcrod\OneDrive\Desktop\Universidad\cuartoSemestre\LaboratorioSoftwareIII\proyecto\proyecto_ambiente\Lib\site-packages\django\template\backends\django.py", line 61, in render
    return self.template.render(context)
           ^^^^^^^^^^^^^^^^^^^^^^^^^^^^^
  File "C:\Users\jcrod\OneDrive\Desktop\Universidad\cuartoSemestre\LaboratorioSoftwareIII\proyecto\proyecto_ambiente\Lib\site-packages\django\template\base.py", line 175, in render
    return self._render(context)
           ^^^^^^^^^^^^^^^^^^^^^
  File "C:\Users\jcrod\OneDrive\Desktop\Universidad\cuartoSemestre\LaboratorioSoftwareIII\proyecto\proyecto_ambiente\Lib\site-packages\django\template\base.py", line 167, in _render
    return self.nodelist.render(context)
           ^^^^^^^^^^^^^^^^^^^^^^^^^^^^^
  File "C:\Users\jcrod\OneDrive\Desktop\Universidad\cuartoSemestre\LaboratorioSoftwareIII\proyecto\proyecto_ambiente\Lib\site-packages\django\template\base.py", line 1005, in render
    return SafeString("".join([node.render_annotated(context) for node in self]))
                              ^^^^^^^^^^^^^^^^^^^^^^^^^^^^^^^^^^^^^^^^^^^^^^^^^
  File "C:\Users\jcrod\OneDrive\Desktop\Universidad\cuartoSemestre\LaboratorioSoftwareIII\proyecto\proyecto_ambiente\Lib\site-packages\django\template\base.py", line 1005, in <listcomp>
    return SafeString("".join([node.render_annotated(context) for node in self]))
                               ^^^^^^^^^^^^^^^^^^^^^^^^^^^^^^
  File "C:\Users\jcrod\OneDrive\Desktop\Universidad\cuartoSemestre\LaboratorioSoftwareIII\proyecto\proyecto_ambiente\Lib\site-packages\django\template\base.py", line 966, in render_annotated
    return self.render(context)
           ^^^^^^^^^^^^^^^^^^^^
  File "C:\Users\jcrod\OneDrive\Desktop\Universidad\cuartoSemestre\LaboratorioSoftwareIII\proyecto\proyecto_ambiente\Lib\site-packages\django\template\defaulttags.py", line 238, in render
    nodelist.append(node.render_annotated(context))
                    ^^^^^^^^^^^^^^^^^^^^^^^^^^^^^^
  File "C:\Users\jcrod\OneDrive\Desktop\Universidad\cuartoSemestre\LaboratorioSoftwareIII\proyecto\proyecto_ambiente\Lib\site-packages\django\template\base.py", line 966, in render_annotated
    return self.render(context)
           ^^^^^^^^^^^^^^^^^^^^
  File "C:\Users\jcrod\OneDrive\Desktop\Universidad\cuartoSemestre\LaboratorioSoftwareIII\proyecto\proyecto_ambiente\Lib\site-packages\django\template\defaulttags.py", line 471, in render
    url = reverse(view_name, args=args, kwargs=kwargs, current_app=current_app)
          ^^^^^^^^^^^^^^^^^^^^^^^^^^^^^^^^^^^^^^^^^^^^^^^^^^^^^^^^^^^^^^^^^^^^^
  File "C:\Users\jcrod\OneDrive\Desktop\Universidad\cuartoSemestre\LaboratorioSoftwareIII\proyecto\proyecto_ambiente\Lib\site-packages\django\urls\base.py", line 88, in reverse
    return resolver._reverse_with_prefix(view, prefix, *args, **kwargs)
           ^^^^^^^^^^^^^^^^^^^^^^^^^^^^^^^^^^^^^^^^^^^^^^^^^^^^^^^^^^^^
  File "C:\Users\jcrod\OneDrive\Desktop\Universidad\cuartoSemestre\LaboratorioSoftwareIII\proyecto\proyecto_ambiente\Lib\site-packages\django\urls\resolvers.py", line 828, in _reverse_with_prefix
    raise NoReverseMatch(msg)
django.urls.exceptions.NoReverseMatch: Reverse for 'editar' not found. 'editar' is not a valid view function or pattern name.
Internal Server Error: /administrar/cliente/editar/1006268770
Traceback (most recent call last):
  File "C:\Users\jcrod\OneDrive\Desktop\Universidad\cuartoSemestre\LaboratorioSoftwareIII\proyecto\proyecto_ambiente\Lib\site-packages\django\core\handlers\exception.py", line 55, in inner
    response = get_response(request)
               ^^^^^^^^^^^^^^^^^^^^^
  File "C:\Users\jcrod\OneDrive\Desktop\Universidad\cuartoSemestre\LaboratorioSoftwareIII\proyecto\proyecto_ambiente\Lib\site-packages\django\core\handlers\base.py", line 197, in _get_response
    response = wrapped_callback(request, *callback_args, **callback_kwargs)
               ^^^^^^^^^^^^^^^^^^^^^^^^^^^^^^^^^^^^^^^^^^^^^^^^^^^^^^^^^^^^
  File "C:\Users\jcrod\OneDrive\Desktop\Universidad\cuartoSemestre\LaboratorioSoftwareIII\proyecto\proyecto_ambiente\Lib\site-packages\django\views\generic\base.py", line 104, in view
    return self.dispatch(request, *args, **kwargs)
           ^^^^^^^^^^^^^^^^^^^^^^^^^^^^^^^^^^^^^^^
  File "C:\Users\jcrod\OneDrive\Desktop\Universidad\cuartoSemestre\LaboratorioSoftwareIII\proyecto\proyecto_ambiente\Lib\site-packages\django\views\generic\base.py", line 143, in dispatch
    return handler(request, *args, **kwargs)
           ^^^^^^^^^^^^^^^^^^^^^^^^^^^^^^^^^
  File "C:\Users\jcrod\OneDrive\Desktop\Universidad\cuartoSemestre\LaboratorioSoftwareIII\proyecto\proyecto_ambiente\Lib\site-packages\django\views\generic\edit.py", line 204, in get
    return super().get(request, *args, **kwargs)
           ^^^^^^^^^^^^^^^^^^^^^^^^^^^^^^^^^^^^^
  File "C:\Users\jcrod\OneDrive\Desktop\Universidad\cuartoSemestre\LaboratorioSoftwareIII\proyecto\proyecto_ambiente\Lib\site-packages\django\views\generic\edit.py", line 144, in get
    return self.render_to_response(self.get_context_data())
                                   ^^^^^^^^^^^^^^^^^^^^^^^
  File "C:\Users\jcrod\OneDrive\Desktop\Universidad\cuartoSemestre\LaboratorioSoftwareIII\proyecto\proyecto_ambiente\Lib\site-packages\django\views\generic\edit.py", line 74, in get_context_data
    kwargs["form"] = self.get_form()
                     ^^^^^^^^^^^^^^^
  File "C:\Users\jcrod\OneDrive\Desktop\Universidad\cuartoSemestre\LaboratorioSoftwareIII\proyecto\proyecto_ambiente\Lib\site-packages\django\views\generic\edit.py", line 39, in get_form
    return form_class(**self.get_form_kwargs())
           ^^^^^^^^^^^^^^^^^^^^^^^^^^^^^^^^^^^^
TypeError: BaseForm.__init__() got an unexpected keyword argument 'instance'
Internal Server Error: /administrar/cliente/editar/1006268770
Traceback (most recent call last):
  File "C:\Users\jcrod\OneDrive\Desktop\Universidad\cuartoSemestre\LaboratorioSoftwareIII\proyecto\proyecto_ambiente\Lib\site-packages\django\core\handlers\exception.py", line 55, in inner
    response = get_response(request)
               ^^^^^^^^^^^^^^^^^^^^^
  File "C:\Users\jcrod\OneDrive\Desktop\Universidad\cuartoSemestre\LaboratorioSoftwareIII\proyecto\proyecto_ambiente\Lib\site-packages\django\core\handlers\base.py", line 197, in _get_response
    response = wrapped_callback(request, *callback_args, **callback_kwargs)
               ^^^^^^^^^^^^^^^^^^^^^^^^^^^^^^^^^^^^^^^^^^^^^^^^^^^^^^^^^^^^
  File "C:\Users\jcrod\OneDrive\Desktop\Universidad\cuartoSemestre\LaboratorioSoftwareIII\proyecto\proyecto_ambiente\Lib\site-packages\django\views\generic\base.py", line 104, in view
    return self.dispatch(request, *args, **kwargs)
           ^^^^^^^^^^^^^^^^^^^^^^^^^^^^^^^^^^^^^^^
  File "C:\Users\jcrod\OneDrive\Desktop\Universidad\cuartoSemestre\LaboratorioSoftwareIII\proyecto\proyecto_ambiente\Lib\site-packages\django\views\generic\base.py", line 143, in dispatch
    return handler(request, *args, **kwargs)
           ^^^^^^^^^^^^^^^^^^^^^^^^^^^^^^^^^
  File "C:\Users\jcrod\OneDrive\Desktop\Universidad\cuartoSemestre\LaboratorioSoftwareIII\proyecto\proyecto_ambiente\Lib\site-packages\django\views\generic\edit.py", line 204, in get
    return super().get(request, *args, **kwargs)
           ^^^^^^^^^^^^^^^^^^^^^^^^^^^^^^^^^^^^^
  File "C:\Users\jcrod\OneDrive\Desktop\Universidad\cuartoSemestre\LaboratorioSoftwareIII\proyecto\proyecto_ambiente\Lib\site-packages\django\views\generic\edit.py", line 144, in get
    return self.render_to_response(self.get_context_data())
                                   ^^^^^^^^^^^^^^^^^^^^^^^
  File "C:\Users\jcrod\OneDrive\Desktop\Universidad\cuartoSemestre\LaboratorioSoftwareIII\proyecto\proyecto_ambiente\Lib\site-packages\django\views\generic\edit.py", line 74, in get_context_data
    kwargs["form"] = self.get_form()
                     ^^^^^^^^^^^^^^^
  File "C:\Users\jcrod\OneDrive\Desktop\Universidad\cuartoSemestre\LaboratorioSoftwareIII\proyecto\proyecto_ambiente\Lib\site-packages\django\views\generic\edit.py", line 39, in get_form
    return form_class(**self.get_form_kwargs())
           ^^^^^^^^^^^^^^^^^^^^^^^^^^^^^^^^^^^^
TypeError: BaseForm.__init__() got an unexpected keyword argument 'instance'
Internal Server Error: /login/
Traceback (most recent call last):
  File "C:\Users\jcrod\OneDrive\Desktop\Universidad\cuartoSemestre\LaboratorioSoftwareIII\proyecto\proyecto_ambiente\Lib\site-packages\django\core\handlers\exception.py", line 55, in inner
    response = get_response(request)
               ^^^^^^^^^^^^^^^^^^^^^
  File "C:\Users\jcrod\OneDrive\Desktop\Universidad\cuartoSemestre\LaboratorioSoftwareIII\proyecto\proyecto_ambiente\Lib\site-packages\django\core\handlers\base.py", line 197, in _get_response
    response = wrapped_callback(request, *callback_args, **callback_kwargs)
               ^^^^^^^^^^^^^^^^^^^^^^^^^^^^^^^^^^^^^^^^^^^^^^^^^^^^^^^^^^^^
  File "C:\Users\jcrod\OneDrive\Desktop\Universidad\cuartoSemestre\LaboratorioSoftwareIII\proyecto\proyecto_ambiente\Lib\site-packages\django\views\generic\base.py", line 104, in view
    return self.dispatch(request, *args, **kwargs)
           ^^^^^^^^^^^^^^^^^^^^^^^^^^^^^^^^^^^^^^^
  File "C:\Users\jcrod\OneDrive\Desktop\Universidad\cuartoSemestre\LaboratorioSoftwareIII\proyecto\proyecto_ambiente\Lib\site-packages\django\views\generic\base.py", line 143, in dispatch
    return handler(request, *args, **kwargs)
           ^^^^^^^^^^^^^^^^^^^^^^^^^^^^^^^^^
  File "C:\Users\jcrod\OneDrive\Desktop\Universidad\cuartoSemestre\LaboratorioSoftwareIII\proyecto\cakesoft_proyecto\cakesoft_app\views.py", line 51, in get
    return render(request, self.template_name, {'form': form})
           ^^^^^^^^^^^^^^^^^^^^^^^^^^^^^^^^^^^^^^^^^^^^^^^^^^^
  File "C:\Users\jcrod\OneDrive\Desktop\Universidad\cuartoSemestre\LaboratorioSoftwareIII\proyecto\proyecto_ambiente\Lib\site-packages\django\shortcuts.py", line 24, in render
    content = loader.render_to_string(template_name, context, request, using=using)
              ^^^^^^^^^^^^^^^^^^^^^^^^^^^^^^^^^^^^^^^^^^^^^^^^^^^^^^^^^^^^^^^^^^^^^
  File "C:\Users\jcrod\OneDrive\Desktop\Universidad\cuartoSemestre\LaboratorioSoftwareIII\proyecto\proyecto_ambiente\Lib\site-packages\django\template\loader.py", line 61, in render_to_string
    template = get_template(template_name, using=using)
               ^^^^^^^^^^^^^^^^^^^^^^^^^^^^^^^^^^^^^^^^
  File "C:\Users\jcrod\OneDrive\Desktop\Universidad\cuartoSemestre\LaboratorioSoftwareIII\proyecto\proyecto_ambiente\Lib\site-packages\django\template\loader.py", line 19, in get_template
    raise TemplateDoesNotExist(template_name, chain=chain)
django.template.exceptions.TemplateDoesNotExist: login.html
Internal Server Error: /login/
Traceback (most recent call last):
  File "C:\Users\jcrod\OneDrive\Desktop\Universidad\cuartoSemestre\LaboratorioSoftwareIII\proyecto\proyecto_ambiente\Lib\site-packages\django\core\handlers\exception.py", line 55, in inner
    response = get_response(request)
               ^^^^^^^^^^^^^^^^^^^^^
  File "C:\Users\jcrod\OneDrive\Desktop\Universidad\cuartoSemestre\LaboratorioSoftwareIII\proyecto\proyecto_ambiente\Lib\site-packages\django\core\handlers\base.py", line 197, in _get_response
    response = wrapped_callback(request, *callback_args, **callback_kwargs)
               ^^^^^^^^^^^^^^^^^^^^^^^^^^^^^^^^^^^^^^^^^^^^^^^^^^^^^^^^^^^^
  File "C:\Users\jcrod\OneDrive\Desktop\Universidad\cuartoSemestre\LaboratorioSoftwareIII\proyecto\proyecto_ambiente\Lib\site-packages\django\views\generic\base.py", line 104, in view
    return self.dispatch(request, *args, **kwargs)
           ^^^^^^^^^^^^^^^^^^^^^^^^^^^^^^^^^^^^^^^
  File "C:\Users\jcrod\OneDrive\Desktop\Universidad\cuartoSemestre\LaboratorioSoftwareIII\proyecto\proyecto_ambiente\Lib\site-packages\django\views\generic\base.py", line 143, in dispatch
    return handler(request, *args, **kwargs)
           ^^^^^^^^^^^^^^^^^^^^^^^^^^^^^^^^^
  File "C:\Users\jcrod\OneDrive\Desktop\Universidad\cuartoSemestre\LaboratorioSoftwareIII\proyecto\cakesoft_proyecto\cakesoft_app\views.py", line 56, in get
    return render(request, self.template_name, {'form': form})
           ^^^^^^^^^^^^^^^^^^^^^^^^^^^^^^^^^^^^^^^^^^^^^^^^^^^
  File "C:\Users\jcrod\OneDrive\Desktop\Universidad\cuartoSemestre\LaboratorioSoftwareIII\proyecto\proyecto_ambiente\Lib\site-packages\django\shortcuts.py", line 24, in render
    content = loader.render_to_string(template_name, context, request, using=using)
              ^^^^^^^^^^^^^^^^^^^^^^^^^^^^^^^^^^^^^^^^^^^^^^^^^^^^^^^^^^^^^^^^^^^^^
  File "C:\Users\jcrod\OneDrive\Desktop\Universidad\cuartoSemestre\LaboratorioSoftwareIII\proyecto\proyecto_ambiente\Lib\site-packages\django\template\loader.py", line 61, in render_to_string
    template = get_template(template_name, using=using)
               ^^^^^^^^^^^^^^^^^^^^^^^^^^^^^^^^^^^^^^^^
  File "C:\Users\jcrod\OneDrive\Desktop\Universidad\cuartoSemestre\LaboratorioSoftwareIII\proyecto\proyecto_ambiente\Lib\site-packages\django\template\loader.py", line 19, in get_template
    raise TemplateDoesNotExist(template_name, chain=chain)
django.template.exceptions.TemplateDoesNotExist: login.html
Internal Server Error: /login/
Traceback (most recent call last):
  File "C:\Users\jcrod\OneDrive\Desktop\Universidad\cuartoSemestre\LaboratorioSoftwareIII\proyecto\proyecto_ambiente\Lib\site-packages\django\core\handlers\exception.py", line 55, in inner
    response = get_response(request)
               ^^^^^^^^^^^^^^^^^^^^^
  File "C:\Users\jcrod\OneDrive\Desktop\Universidad\cuartoSemestre\LaboratorioSoftwareIII\proyecto\proyecto_ambiente\Lib\site-packages\django\core\handlers\base.py", line 197, in _get_response
    response = wrapped_callback(request, *callback_args, **callback_kwargs)
               ^^^^^^^^^^^^^^^^^^^^^^^^^^^^^^^^^^^^^^^^^^^^^^^^^^^^^^^^^^^^
  File "C:\Users\jcrod\OneDrive\Desktop\Universidad\cuartoSemestre\LaboratorioSoftwareIII\proyecto\proyecto_ambiente\Lib\site-packages\django\views\generic\base.py", line 104, in view
    return self.dispatch(request, *args, **kwargs)
           ^^^^^^^^^^^^^^^^^^^^^^^^^^^^^^^^^^^^^^^
  File "C:\Users\jcrod\OneDrive\Desktop\Universidad\cuartoSemestre\LaboratorioSoftwareIII\proyecto\proyecto_ambiente\Lib\site-packages\django\views\generic\base.py", line 143, in dispatch
    return handler(request, *args, **kwargs)
           ^^^^^^^^^^^^^^^^^^^^^^^^^^^^^^^^^
  File "C:\Users\jcrod\OneDrive\Desktop\Universidad\cuartoSemestre\LaboratorioSoftwareIII\proyecto\cakesoft_proyecto\cakesoft_app\views.py", line 56, in get
    return render(request, self.template_name, {'form': form})
           ^^^^^^^^^^^^^^^^^^^^^^^^^^^^^^^^^^^^^^^^^^^^^^^^^^^
  File "C:\Users\jcrod\OneDrive\Desktop\Universidad\cuartoSemestre\LaboratorioSoftwareIII\proyecto\proyecto_ambiente\Lib\site-packages\django\shortcuts.py", line 24, in render
    content = loader.render_to_string(template_name, context, request, using=using)
              ^^^^^^^^^^^^^^^^^^^^^^^^^^^^^^^^^^^^^^^^^^^^^^^^^^^^^^^^^^^^^^^^^^^^^
  File "C:\Users\jcrod\OneDrive\Desktop\Universidad\cuartoSemestre\LaboratorioSoftwareIII\proyecto\proyecto_ambiente\Lib\site-packages\django\template\loader.py", line 61, in render_to_string
    template = get_template(template_name, using=using)
               ^^^^^^^^^^^^^^^^^^^^^^^^^^^^^^^^^^^^^^^^
  File "C:\Users\jcrod\OneDrive\Desktop\Universidad\cuartoSemestre\LaboratorioSoftwareIII\proyecto\proyecto_ambiente\Lib\site-packages\django\template\loader.py", line 19, in get_template
    raise TemplateDoesNotExist(template_name, chain=chain)
django.template.exceptions.TemplateDoesNotExist: login.html
Internal Server Error: /login/
Traceback (most recent call last):
  File "C:\Users\jcrod\OneDrive\Desktop\Universidad\cuartoSemestre\LaboratorioSoftwareIII\proyecto\proyecto_ambiente\Lib\site-packages\django\core\handlers\exception.py", line 55, in inner
    response = get_response(request)
               ^^^^^^^^^^^^^^^^^^^^^
  File "C:\Users\jcrod\OneDrive\Desktop\Universidad\cuartoSemestre\LaboratorioSoftwareIII\proyecto\proyecto_ambiente\Lib\site-packages\django\core\handlers\base.py", line 197, in _get_response
    response = wrapped_callback(request, *callback_args, **callback_kwargs)
               ^^^^^^^^^^^^^^^^^^^^^^^^^^^^^^^^^^^^^^^^^^^^^^^^^^^^^^^^^^^^
  File "C:\Users\jcrod\OneDrive\Desktop\Universidad\cuartoSemestre\LaboratorioSoftwareIII\proyecto\proyecto_ambiente\Lib\site-packages\django\views\generic\base.py", line 104, in view
    return self.dispatch(request, *args, **kwargs)
           ^^^^^^^^^^^^^^^^^^^^^^^^^^^^^^^^^^^^^^^
  File "C:\Users\jcrod\OneDrive\Desktop\Universidad\cuartoSemestre\LaboratorioSoftwareIII\proyecto\proyecto_ambiente\Lib\site-packages\django\views\generic\base.py", line 143, in dispatch
    return handler(request, *args, **kwargs)
           ^^^^^^^^^^^^^^^^^^^^^^^^^^^^^^^^^
  File "C:\Users\jcrod\OneDrive\Desktop\Universidad\cuartoSemestre\LaboratorioSoftwareIII\proyecto\cakesoft_proyecto\cakesoft_app\views.py", line 56, in get
    return render(request, self.template_name, {'form': form})
           ^^^^^^^^^^^^^^^^^^^^^^^^^^^^^^^^^^^^^^^^^^^^^^^^^^^
  File "C:\Users\jcrod\OneDrive\Desktop\Universidad\cuartoSemestre\LaboratorioSoftwareIII\proyecto\proyecto_ambiente\Lib\site-packages\django\shortcuts.py", line 24, in render
    content = loader.render_to_string(template_name, context, request, using=using)
              ^^^^^^^^^^^^^^^^^^^^^^^^^^^^^^^^^^^^^^^^^^^^^^^^^^^^^^^^^^^^^^^^^^^^^
  File "C:\Users\jcrod\OneDrive\Desktop\Universidad\cuartoSemestre\LaboratorioSoftwareIII\proyecto\proyecto_ambiente\Lib\site-packages\django\template\loader.py", line 61, in render_to_string
    template = get_template(template_name, using=using)
               ^^^^^^^^^^^^^^^^^^^^^^^^^^^^^^^^^^^^^^^^
  File "C:\Users\jcrod\OneDrive\Desktop\Universidad\cuartoSemestre\LaboratorioSoftwareIII\proyecto\proyecto_ambiente\Lib\site-packages\django\template\loader.py", line 19, in get_template
    raise TemplateDoesNotExist(template_name, chain=chain)
django.template.exceptions.TemplateDoesNotExist: login.html
Internal Server Error: /login/
Traceback (most recent call last):
  File "C:\Users\jcrod\OneDrive\Desktop\Universidad\cuartoSemestre\LaboratorioSoftwareIII\proyecto\proyecto_ambiente\Lib\site-packages\django\core\handlers\exception.py", line 55, in inner
    response = get_response(request)
               ^^^^^^^^^^^^^^^^^^^^^
  File "C:\Users\jcrod\OneDrive\Desktop\Universidad\cuartoSemestre\LaboratorioSoftwareIII\proyecto\proyecto_ambiente\Lib\site-packages\django\core\handlers\base.py", line 197, in _get_response
    response = wrapped_callback(request, *callback_args, **callback_kwargs)
               ^^^^^^^^^^^^^^^^^^^^^^^^^^^^^^^^^^^^^^^^^^^^^^^^^^^^^^^^^^^^
  File "C:\Users\jcrod\OneDrive\Desktop\Universidad\cuartoSemestre\LaboratorioSoftwareIII\proyecto\proyecto_ambiente\Lib\site-packages\django\views\generic\base.py", line 104, in view
    return self.dispatch(request, *args, **kwargs)
           ^^^^^^^^^^^^^^^^^^^^^^^^^^^^^^^^^^^^^^^
  File "C:\Users\jcrod\OneDrive\Desktop\Universidad\cuartoSemestre\LaboratorioSoftwareIII\proyecto\proyecto_ambiente\Lib\site-packages\django\views\generic\base.py", line 143, in dispatch
    return handler(request, *args, **kwargs)
           ^^^^^^^^^^^^^^^^^^^^^^^^^^^^^^^^^
  File "C:\Users\jcrod\OneDrive\Desktop\Universidad\cuartoSemestre\LaboratorioSoftwareIII\proyecto\cakesoft_proyecto\cakesoft_app\views.py", line 56, in get
    return render(request, self.template_name, {'form': form})
           ^^^^^^^^^^^^^^^^^^^^^^^^^^^^^^^^^^^^^^^^^^^^^^^^^^^
  File "C:\Users\jcrod\OneDrive\Desktop\Universidad\cuartoSemestre\LaboratorioSoftwareIII\proyecto\proyecto_ambiente\Lib\site-packages\django\shortcuts.py", line 24, in render
    content = loader.render_to_string(template_name, context, request, using=using)
              ^^^^^^^^^^^^^^^^^^^^^^^^^^^^^^^^^^^^^^^^^^^^^^^^^^^^^^^^^^^^^^^^^^^^^
  File "C:\Users\jcrod\OneDrive\Desktop\Universidad\cuartoSemestre\LaboratorioSoftwareIII\proyecto\proyecto_ambiente\Lib\site-packages\django\template\loader.py", line 61, in render_to_string
    template = get_template(template_name, using=using)
               ^^^^^^^^^^^^^^^^^^^^^^^^^^^^^^^^^^^^^^^^
  File "C:\Users\jcrod\OneDrive\Desktop\Universidad\cuartoSemestre\LaboratorioSoftwareIII\proyecto\proyecto_ambiente\Lib\site-packages\django\template\loader.py", line 19, in get_template
    raise TemplateDoesNotExist(template_name, chain=chain)
django.template.exceptions.TemplateDoesNotExist: login.html
Internal Server Error: /login/
Traceback (most recent call last):
  File "C:\Users\jcrod\OneDrive\Desktop\Universidad\cuartoSemestre\LaboratorioSoftwareIII\proyecto\proyecto_ambiente\Lib\site-packages\django\core\handlers\exception.py", line 55, in inner
    response = get_response(request)
               ^^^^^^^^^^^^^^^^^^^^^
  File "C:\Users\jcrod\OneDrive\Desktop\Universidad\cuartoSemestre\LaboratorioSoftwareIII\proyecto\proyecto_ambiente\Lib\site-packages\django\core\handlers\base.py", line 220, in _get_response
    response = response.render()
               ^^^^^^^^^^^^^^^^^
  File "C:\Users\jcrod\OneDrive\Desktop\Universidad\cuartoSemestre\LaboratorioSoftwareIII\proyecto\proyecto_ambiente\Lib\site-packages\django\template\response.py", line 111, in render
    self.content = self.rendered_content
                   ^^^^^^^^^^^^^^^^^^^^^
  File "C:\Users\jcrod\OneDrive\Desktop\Universidad\cuartoSemestre\LaboratorioSoftwareIII\proyecto\proyecto_ambiente\Lib\site-packages\django\template\response.py", line 87, in rendered_content
    template = self.resolve_template(self.template_name)
               ^^^^^^^^^^^^^^^^^^^^^^^^^^^^^^^^^^^^^^^^^
  File "C:\Users\jcrod\OneDrive\Desktop\Universidad\cuartoSemestre\LaboratorioSoftwareIII\proyecto\proyecto_ambiente\Lib\site-packages\django\template\response.py", line 69, in resolve_template
    return select_template(template, using=self.using)
           ^^^^^^^^^^^^^^^^^^^^^^^^^^^^^^^^^^^^^^^^^^^
  File "C:\Users\jcrod\OneDrive\Desktop\Universidad\cuartoSemestre\LaboratorioSoftwareIII\proyecto\proyecto_ambiente\Lib\site-packages\django\template\loader.py", line 47, in select_template
    raise TemplateDoesNotExist(", ".join(template_name_list), chain=chain)
django.template.exceptions.TemplateDoesNotExist: cakesoft_app/cliente_list.html
Internal Server Error: /login/
Traceback (most recent call last):
  File "C:\Users\jcrod\OneDrive\Desktop\Universidad\cuartoSemestre\LaboratorioSoftwareIII\proyecto\proyecto_ambiente\Lib\site-packages\django\core\handlers\exception.py", line 55, in inner
    response = get_response(request)
               ^^^^^^^^^^^^^^^^^^^^^
  File "C:\Users\jcrod\OneDrive\Desktop\Universidad\cuartoSemestre\LaboratorioSoftwareIII\proyecto\proyecto_ambiente\Lib\site-packages\django\core\handlers\base.py", line 197, in _get_response
    response = wrapped_callback(request, *callback_args, **callback_kwargs)
               ^^^^^^^^^^^^^^^^^^^^^^^^^^^^^^^^^^^^^^^^^^^^^^^^^^^^^^^^^^^^
  File "C:\Users\jcrod\OneDrive\Desktop\Universidad\cuartoSemestre\LaboratorioSoftwareIII\proyecto\proyecto_ambiente\Lib\site-packages\django\views\generic\base.py", line 104, in view
    return self.dispatch(request, *args, **kwargs)
           ^^^^^^^^^^^^^^^^^^^^^^^^^^^^^^^^^^^^^^^
  File "C:\Users\jcrod\OneDrive\Desktop\Universidad\cuartoSemestre\LaboratorioSoftwareIII\proyecto\proyecto_ambiente\Lib\site-packages\django\views\generic\base.py", line 143, in dispatch
    return handler(request, *args, **kwargs)
           ^^^^^^^^^^^^^^^^^^^^^^^^^^^^^^^^^
  File "C:\Users\jcrod\OneDrive\Desktop\Universidad\cuartoSemestre\LaboratorioSoftwareIII\proyecto\cakesoft_proyecto\cakesoft_app\views.py", line 58, in post
    username = form.cleaned_data['username']
               ~~~~~~~~~~~~~~~~~^^^^^^^^^^^^
KeyError: 'username'
Internal Server Error: /login/
Traceback (most recent call last):
  File "C:\Users\jcrod\OneDrive\Desktop\Universidad\cuartoSemestre\LaboratorioSoftwareIII\proyecto\proyecto_ambiente\Lib\site-packages\django\core\handlers\exception.py", line 55, in inner
    response = get_response(request)
               ^^^^^^^^^^^^^^^^^^^^^
  File "C:\Users\jcrod\OneDrive\Desktop\Universidad\cuartoSemestre\LaboratorioSoftwareIII\proyecto\proyecto_ambiente\Lib\site-packages\django\core\handlers\base.py", line 197, in _get_response
    response = wrapped_callback(request, *callback_args, **callback_kwargs)
               ^^^^^^^^^^^^^^^^^^^^^^^^^^^^^^^^^^^^^^^^^^^^^^^^^^^^^^^^^^^^
  File "C:\Users\jcrod\OneDrive\Desktop\Universidad\cuartoSemestre\LaboratorioSoftwareIII\proyecto\proyecto_ambiente\Lib\site-packages\django\views\generic\base.py", line 104, in view
    return self.dispatch(request, *args, **kwargs)
           ^^^^^^^^^^^^^^^^^^^^^^^^^^^^^^^^^^^^^^^
  File "C:\Users\jcrod\OneDrive\Desktop\Universidad\cuartoSemestre\LaboratorioSoftwareIII\proyecto\proyecto_ambiente\Lib\site-packages\django\utils\decorators.py", line 46, in _wrapper
    return bound_method(*args, **kwargs)
           ^^^^^^^^^^^^^^^^^^^^^^^^^^^^^
  File "C:\Users\jcrod\OneDrive\Desktop\Universidad\cuartoSemestre\LaboratorioSoftwareIII\proyecto\proyecto_ambiente\Lib\site-packages\django\views\decorators\debug.py", line 92, in sensitive_post_parameters_wrapper
    return view(request, *args, **kwargs)
           ^^^^^^^^^^^^^^^^^^^^^^^^^^^^^^
  File "C:\Users\jcrod\OneDrive\Desktop\Universidad\cuartoSemestre\LaboratorioSoftwareIII\proyecto\proyecto_ambiente\Lib\site-packages\django\utils\decorators.py", line 46, in _wrapper
    return bound_method(*args, **kwargs)
           ^^^^^^^^^^^^^^^^^^^^^^^^^^^^^
  File "C:\Users\jcrod\OneDrive\Desktop\Universidad\cuartoSemestre\LaboratorioSoftwareIII\proyecto\proyecto_ambiente\Lib\site-packages\django\utils\decorators.py", line 134, in _wrapper_view
    response = view_func(request, *args, **kwargs)
               ^^^^^^^^^^^^^^^^^^^^^^^^^^^^^^^^^^^
  File "C:\Users\jcrod\OneDrive\Desktop\Universidad\cuartoSemestre\LaboratorioSoftwareIII\proyecto\proyecto_ambiente\Lib\site-packages\django\utils\decorators.py", line 46, in _wrapper
    return bound_method(*args, **kwargs)
           ^^^^^^^^^^^^^^^^^^^^^^^^^^^^^
  File "C:\Users\jcrod\OneDrive\Desktop\Universidad\cuartoSemestre\LaboratorioSoftwareIII\proyecto\proyecto_ambiente\Lib\site-packages\django\views\decorators\cache.py", line 62, in _wrapper_view_func
    response = view_func(request, *args, **kwargs)
               ^^^^^^^^^^^^^^^^^^^^^^^^^^^^^^^^^^^
  File "C:\Users\jcrod\OneDrive\Desktop\Universidad\cuartoSemestre\LaboratorioSoftwareIII\proyecto\proyecto_ambiente\Lib\site-packages\django\contrib\auth\views.py", line 90, in dispatch
    return super().dispatch(request, *args, **kwargs)
           ^^^^^^^^^^^^^^^^^^^^^^^^^^^^^^^^^^^^^^^^^^
  File "C:\Users\jcrod\OneDrive\Desktop\Universidad\cuartoSemestre\LaboratorioSoftwareIII\proyecto\proyecto_ambiente\Lib\site-packages\django\views\generic\base.py", line 143, in dispatch
    return handler(request, *args, **kwargs)
           ^^^^^^^^^^^^^^^^^^^^^^^^^^^^^^^^^
  File "C:\Users\jcrod\OneDrive\Desktop\Universidad\cuartoSemestre\LaboratorioSoftwareIII\proyecto\proyecto_ambiente\Lib\site-packages\django\views\generic\edit.py", line 144, in get
    return self.render_to_response(self.get_context_data())
                                   ^^^^^^^^^^^^^^^^^^^^^^^
  File "C:\Users\jcrod\OneDrive\Desktop\Universidad\cuartoSemestre\LaboratorioSoftwareIII\proyecto\proyecto_ambiente\Lib\site-packages\django\contrib\auth\views.py", line 113, in get_context_data
    context = super().get_context_data(**kwargs)
              ^^^^^^^^^^^^^^^^^^^^^^^^^^^^^^^^^^
  File "C:\Users\jcrod\OneDrive\Desktop\Universidad\cuartoSemestre\LaboratorioSoftwareIII\proyecto\proyecto_ambiente\Lib\site-packages\django\views\generic\edit.py", line 74, in get_context_data
    kwargs["form"] = self.get_form()
                     ^^^^^^^^^^^^^^^
  File "C:\Users\jcrod\OneDrive\Desktop\Universidad\cuartoSemestre\LaboratorioSoftwareIII\proyecto\proyecto_ambiente\Lib\site-packages\django\views\generic\edit.py", line 39, in get_form
    return form_class(**self.get_form_kwargs())
           ^^^^^^^^^^^^^^^^^^^^^^^^^^^^^^^^^^^^
TypeError: BaseForm.__init__() got an unexpected keyword argument 'request'
Internal Server Error: /login/
Traceback (most recent call last):
  File "C:\Users\jcrod\OneDrive\Desktop\Universidad\cuartoSemestre\LaboratorioSoftwareIII\proyecto\proyecto_ambiente\Lib\site-packages\django\core\handlers\exception.py", line 55, in inner
    response = get_response(request)
               ^^^^^^^^^^^^^^^^^^^^^
  File "C:\Users\jcrod\OneDrive\Desktop\Universidad\cuartoSemestre\LaboratorioSoftwareIII\proyecto\proyecto_ambiente\Lib\site-packages\django\core\handlers\base.py", line 197, in _get_response
    response = wrapped_callback(request, *callback_args, **callback_kwargs)
               ^^^^^^^^^^^^^^^^^^^^^^^^^^^^^^^^^^^^^^^^^^^^^^^^^^^^^^^^^^^^
  File "C:\Users\jcrod\OneDrive\Desktop\Universidad\cuartoSemestre\LaboratorioSoftwareIII\proyecto\proyecto_ambiente\Lib\site-packages\django\views\generic\base.py", line 104, in view
    return self.dispatch(request, *args, **kwargs)
           ^^^^^^^^^^^^^^^^^^^^^^^^^^^^^^^^^^^^^^^
  File "C:\Users\jcrod\OneDrive\Desktop\Universidad\cuartoSemestre\LaboratorioSoftwareIII\proyecto\proyecto_ambiente\Lib\site-packages\django\utils\decorators.py", line 46, in _wrapper
    return bound_method(*args, **kwargs)
           ^^^^^^^^^^^^^^^^^^^^^^^^^^^^^
  File "C:\Users\jcrod\OneDrive\Desktop\Universidad\cuartoSemestre\LaboratorioSoftwareIII\proyecto\proyecto_ambiente\Lib\site-packages\django\views\decorators\debug.py", line 92, in sensitive_post_parameters_wrapper
    return view(request, *args, **kwargs)
           ^^^^^^^^^^^^^^^^^^^^^^^^^^^^^^
  File "C:\Users\jcrod\OneDrive\Desktop\Universidad\cuartoSemestre\LaboratorioSoftwareIII\proyecto\proyecto_ambiente\Lib\site-packages\django\utils\decorators.py", line 46, in _wrapper
    return bound_method(*args, **kwargs)
           ^^^^^^^^^^^^^^^^^^^^^^^^^^^^^
  File "C:\Users\jcrod\OneDrive\Desktop\Universidad\cuartoSemestre\LaboratorioSoftwareIII\proyecto\proyecto_ambiente\Lib\site-packages\django\utils\decorators.py", line 134, in _wrapper_view
    response = view_func(request, *args, **kwargs)
               ^^^^^^^^^^^^^^^^^^^^^^^^^^^^^^^^^^^
  File "C:\Users\jcrod\OneDrive\Desktop\Universidad\cuartoSemestre\LaboratorioSoftwareIII\proyecto\proyecto_ambiente\Lib\site-packages\django\utils\decorators.py", line 46, in _wrapper
    return bound_method(*args, **kwargs)
           ^^^^^^^^^^^^^^^^^^^^^^^^^^^^^
  File "C:\Users\jcrod\OneDrive\Desktop\Universidad\cuartoSemestre\LaboratorioSoftwareIII\proyecto\proyecto_ambiente\Lib\site-packages\django\views\decorators\cache.py", line 62, in _wrapper_view_func
    response = view_func(request, *args, **kwargs)
               ^^^^^^^^^^^^^^^^^^^^^^^^^^^^^^^^^^^
  File "C:\Users\jcrod\OneDrive\Desktop\Universidad\cuartoSemestre\LaboratorioSoftwareIII\proyecto\proyecto_ambiente\Lib\site-packages\django\contrib\auth\views.py", line 90, in dispatch
    return super().dispatch(request, *args, **kwargs)
           ^^^^^^^^^^^^^^^^^^^^^^^^^^^^^^^^^^^^^^^^^^
  File "C:\Users\jcrod\OneDrive\Desktop\Universidad\cuartoSemestre\LaboratorioSoftwareIII\proyecto\proyecto_ambiente\Lib\site-packages\django\views\generic\base.py", line 143, in dispatch
    return handler(request, *args, **kwargs)
           ^^^^^^^^^^^^^^^^^^^^^^^^^^^^^^^^^
  File "C:\Users\jcrod\OneDrive\Desktop\Universidad\cuartoSemestre\LaboratorioSoftwareIII\proyecto\proyecto_ambiente\Lib\site-packages\django\views\generic\edit.py", line 144, in get
    return self.render_to_response(self.get_context_data())
                                   ^^^^^^^^^^^^^^^^^^^^^^^
  File "C:\Users\jcrod\OneDrive\Desktop\Universidad\cuartoSemestre\LaboratorioSoftwareIII\proyecto\proyecto_ambiente\Lib\site-packages\django\contrib\auth\views.py", line 113, in get_context_data
    context = super().get_context_data(**kwargs)
              ^^^^^^^^^^^^^^^^^^^^^^^^^^^^^^^^^^
  File "C:\Users\jcrod\OneDrive\Desktop\Universidad\cuartoSemestre\LaboratorioSoftwareIII\proyecto\proyecto_ambiente\Lib\site-packages\django\views\generic\edit.py", line 74, in get_context_data
    kwargs["form"] = self.get_form()
                     ^^^^^^^^^^^^^^^
  File "C:\Users\jcrod\OneDrive\Desktop\Universidad\cuartoSemestre\LaboratorioSoftwareIII\proyecto\proyecto_ambiente\Lib\site-packages\django\views\generic\edit.py", line 39, in get_form
    return form_class(**self.get_form_kwargs())
           ^^^^^^^^^^^^^^^^^^^^^^^^^^^^^^^^^^^^
TypeError: BaseForm.__init__() got an unexpected keyword argument 'request'
Internal Server Error: /login/
Traceback (most recent call last):
  File "C:\Users\jcrod\OneDrive\Desktop\Universidad\cuartoSemestre\LaboratorioSoftwareIII\proyecto\proyecto_ambiente\Lib\site-packages\django\core\handlers\exception.py", line 55, in inner
    response = get_response(request)
               ^^^^^^^^^^^^^^^^^^^^^
  File "C:\Users\jcrod\OneDrive\Desktop\Universidad\cuartoSemestre\LaboratorioSoftwareIII\proyecto\proyecto_ambiente\Lib\site-packages\django\core\handlers\base.py", line 197, in _get_response
    response = wrapped_callback(request, *callback_args, **callback_kwargs)
               ^^^^^^^^^^^^^^^^^^^^^^^^^^^^^^^^^^^^^^^^^^^^^^^^^^^^^^^^^^^^
  File "C:\Users\jcrod\OneDrive\Desktop\Universidad\cuartoSemestre\LaboratorioSoftwareIII\proyecto\proyecto_ambiente\Lib\site-packages\django\views\generic\base.py", line 104, in view
    return self.dispatch(request, *args, **kwargs)
           ^^^^^^^^^^^^^^^^^^^^^^^^^^^^^^^^^^^^^^^
  File "C:\Users\jcrod\OneDrive\Desktop\Universidad\cuartoSemestre\LaboratorioSoftwareIII\proyecto\proyecto_ambiente\Lib\site-packages\django\utils\decorators.py", line 46, in _wrapper
    return bound_method(*args, **kwargs)
           ^^^^^^^^^^^^^^^^^^^^^^^^^^^^^
  File "C:\Users\jcrod\OneDrive\Desktop\Universidad\cuartoSemestre\LaboratorioSoftwareIII\proyecto\proyecto_ambiente\Lib\site-packages\django\views\decorators\debug.py", line 92, in sensitive_post_parameters_wrapper
    return view(request, *args, **kwargs)
           ^^^^^^^^^^^^^^^^^^^^^^^^^^^^^^
  File "C:\Users\jcrod\OneDrive\Desktop\Universidad\cuartoSemestre\LaboratorioSoftwareIII\proyecto\proyecto_ambiente\Lib\site-packages\django\utils\decorators.py", line 46, in _wrapper
    return bound_method(*args, **kwargs)
           ^^^^^^^^^^^^^^^^^^^^^^^^^^^^^
  File "C:\Users\jcrod\OneDrive\Desktop\Universidad\cuartoSemestre\LaboratorioSoftwareIII\proyecto\proyecto_ambiente\Lib\site-packages\django\utils\decorators.py", line 134, in _wrapper_view
    response = view_func(request, *args, **kwargs)
               ^^^^^^^^^^^^^^^^^^^^^^^^^^^^^^^^^^^
  File "C:\Users\jcrod\OneDrive\Desktop\Universidad\cuartoSemestre\LaboratorioSoftwareIII\proyecto\proyecto_ambiente\Lib\site-packages\django\utils\decorators.py", line 46, in _wrapper
    return bound_method(*args, **kwargs)
           ^^^^^^^^^^^^^^^^^^^^^^^^^^^^^
  File "C:\Users\jcrod\OneDrive\Desktop\Universidad\cuartoSemestre\LaboratorioSoftwareIII\proyecto\proyecto_ambiente\Lib\site-packages\django\views\decorators\cache.py", line 62, in _wrapper_view_func
    response = view_func(request, *args, **kwargs)
               ^^^^^^^^^^^^^^^^^^^^^^^^^^^^^^^^^^^
  File "C:\Users\jcrod\OneDrive\Desktop\Universidad\cuartoSemestre\LaboratorioSoftwareIII\proyecto\proyecto_ambiente\Lib\site-packages\django\contrib\auth\views.py", line 90, in dispatch
    return super().dispatch(request, *args, **kwargs)
           ^^^^^^^^^^^^^^^^^^^^^^^^^^^^^^^^^^^^^^^^^^
  File "C:\Users\jcrod\OneDrive\Desktop\Universidad\cuartoSemestre\LaboratorioSoftwareIII\proyecto\proyecto_ambiente\Lib\site-packages\django\views\generic\base.py", line 143, in dispatch
    return handler(request, *args, **kwargs)
           ^^^^^^^^^^^^^^^^^^^^^^^^^^^^^^^^^
  File "C:\Users\jcrod\OneDrive\Desktop\Universidad\cuartoSemestre\LaboratorioSoftwareIII\proyecto\proyecto_ambiente\Lib\site-packages\django\views\generic\edit.py", line 144, in get
    return self.render_to_response(self.get_context_data())
                                   ^^^^^^^^^^^^^^^^^^^^^^^
  File "C:\Users\jcrod\OneDrive\Desktop\Universidad\cuartoSemestre\LaboratorioSoftwareIII\proyecto\proyecto_ambiente\Lib\site-packages\django\contrib\auth\views.py", line 113, in get_context_data
    context = super().get_context_data(**kwargs)
              ^^^^^^^^^^^^^^^^^^^^^^^^^^^^^^^^^^
  File "C:\Users\jcrod\OneDrive\Desktop\Universidad\cuartoSemestre\LaboratorioSoftwareIII\proyecto\proyecto_ambiente\Lib\site-packages\django\views\generic\edit.py", line 74, in get_context_data
    kwargs["form"] = self.get_form()
                     ^^^^^^^^^^^^^^^
  File "C:\Users\jcrod\OneDrive\Desktop\Universidad\cuartoSemestre\LaboratorioSoftwareIII\proyecto\proyecto_ambiente\Lib\site-packages\django\views\generic\edit.py", line 39, in get_form
    return form_class(**self.get_form_kwargs())
           ^^^^^^^^^^^^^^^^^^^^^^^^^^^^^^^^^^^^
TypeError: BaseForm.__init__() got an unexpected keyword argument 'request'
Internal Server Error: /login/
Traceback (most recent call last):
  File "C:\Users\jcrod\OneDrive\Desktop\Universidad\cuartoSemestre\LaboratorioSoftwareIII\proyecto\proyecto_ambiente\Lib\site-packages\django\core\handlers\exception.py", line 55, in inner
    response = get_response(request)
               ^^^^^^^^^^^^^^^^^^^^^
  File "C:\Users\jcrod\OneDrive\Desktop\Universidad\cuartoSemestre\LaboratorioSoftwareIII\proyecto\proyecto_ambiente\Lib\site-packages\django\core\handlers\base.py", line 197, in _get_response
    response = wrapped_callback(request, *callback_args, **callback_kwargs)
               ^^^^^^^^^^^^^^^^^^^^^^^^^^^^^^^^^^^^^^^^^^^^^^^^^^^^^^^^^^^^
  File "C:\Users\jcrod\OneDrive\Desktop\Universidad\cuartoSemestre\LaboratorioSoftwareIII\proyecto\proyecto_ambiente\Lib\site-packages\django\views\generic\base.py", line 104, in view
    return self.dispatch(request, *args, **kwargs)
           ^^^^^^^^^^^^^^^^^^^^^^^^^^^^^^^^^^^^^^^
  File "C:\Users\jcrod\OneDrive\Desktop\Universidad\cuartoSemestre\LaboratorioSoftwareIII\proyecto\proyecto_ambiente\Lib\site-packages\django\utils\decorators.py", line 46, in _wrapper
    return bound_method(*args, **kwargs)
           ^^^^^^^^^^^^^^^^^^^^^^^^^^^^^
  File "C:\Users\jcrod\OneDrive\Desktop\Universidad\cuartoSemestre\LaboratorioSoftwareIII\proyecto\proyecto_ambiente\Lib\site-packages\django\views\decorators\debug.py", line 92, in sensitive_post_parameters_wrapper
    return view(request, *args, **kwargs)
           ^^^^^^^^^^^^^^^^^^^^^^^^^^^^^^
  File "C:\Users\jcrod\OneDrive\Desktop\Universidad\cuartoSemestre\LaboratorioSoftwareIII\proyecto\proyecto_ambiente\Lib\site-packages\django\utils\decorators.py", line 46, in _wrapper
    return bound_method(*args, **kwargs)
           ^^^^^^^^^^^^^^^^^^^^^^^^^^^^^
  File "C:\Users\jcrod\OneDrive\Desktop\Universidad\cuartoSemestre\LaboratorioSoftwareIII\proyecto\proyecto_ambiente\Lib\site-packages\django\utils\decorators.py", line 134, in _wrapper_view
    response = view_func(request, *args, **kwargs)
               ^^^^^^^^^^^^^^^^^^^^^^^^^^^^^^^^^^^
  File "C:\Users\jcrod\OneDrive\Desktop\Universidad\cuartoSemestre\LaboratorioSoftwareIII\proyecto\proyecto_ambiente\Lib\site-packages\django\utils\decorators.py", line 46, in _wrapper
    return bound_method(*args, **kwargs)
           ^^^^^^^^^^^^^^^^^^^^^^^^^^^^^
  File "C:\Users\jcrod\OneDrive\Desktop\Universidad\cuartoSemestre\LaboratorioSoftwareIII\proyecto\proyecto_ambiente\Lib\site-packages\django\views\decorators\cache.py", line 62, in _wrapper_view_func
    response = view_func(request, *args, **kwargs)
               ^^^^^^^^^^^^^^^^^^^^^^^^^^^^^^^^^^^
  File "C:\Users\jcrod\OneDrive\Desktop\Universidad\cuartoSemestre\LaboratorioSoftwareIII\proyecto\proyecto_ambiente\Lib\site-packages\django\contrib\auth\views.py", line 90, in dispatch
    return super().dispatch(request, *args, **kwargs)
           ^^^^^^^^^^^^^^^^^^^^^^^^^^^^^^^^^^^^^^^^^^
  File "C:\Users\jcrod\OneDrive\Desktop\Universidad\cuartoSemestre\LaboratorioSoftwareIII\proyecto\proyecto_ambiente\Lib\site-packages\django\views\generic\base.py", line 143, in dispatch
    return handler(request, *args, **kwargs)
           ^^^^^^^^^^^^^^^^^^^^^^^^^^^^^^^^^
  File "C:\Users\jcrod\OneDrive\Desktop\Universidad\cuartoSemestre\LaboratorioSoftwareIII\proyecto\proyecto_ambiente\Lib\site-packages\django\views\generic\edit.py", line 144, in get
    return self.render_to_response(self.get_context_data())
                                   ^^^^^^^^^^^^^^^^^^^^^^^
  File "C:\Users\jcrod\OneDrive\Desktop\Universidad\cuartoSemestre\LaboratorioSoftwareIII\proyecto\proyecto_ambiente\Lib\site-packages\django\contrib\auth\views.py", line 113, in get_context_data
    context = super().get_context_data(**kwargs)
              ^^^^^^^^^^^^^^^^^^^^^^^^^^^^^^^^^^
  File "C:\Users\jcrod\OneDrive\Desktop\Universidad\cuartoSemestre\LaboratorioSoftwareIII\proyecto\proyecto_ambiente\Lib\site-packages\django\views\generic\edit.py", line 74, in get_context_data
    kwargs["form"] = self.get_form()
                     ^^^^^^^^^^^^^^^
  File "C:\Users\jcrod\OneDrive\Desktop\Universidad\cuartoSemestre\LaboratorioSoftwareIII\proyecto\proyecto_ambiente\Lib\site-packages\django\views\generic\edit.py", line 39, in get_form
    return form_class(**self.get_form_kwargs())
           ^^^^^^^^^^^^^^^^^^^^^^^^^^^^^^^^^^^^
TypeError: BaseForm.__init__() got an unexpected keyword argument 'request'
Internal Server Error: /login/
Traceback (most recent call last):
  File "C:\Users\jcrod\OneDrive\Desktop\Universidad\cuartoSemestre\LaboratorioSoftwareIII\proyecto\proyecto_ambiente\Lib\site-packages\django\core\handlers\exception.py", line 55, in inner
    response = get_response(request)
               ^^^^^^^^^^^^^^^^^^^^^
  File "C:\Users\jcrod\OneDrive\Desktop\Universidad\cuartoSemestre\LaboratorioSoftwareIII\proyecto\proyecto_ambiente\Lib\site-packages\django\core\handlers\base.py", line 197, in _get_response
    response = wrapped_callback(request, *callback_args, **callback_kwargs)
               ^^^^^^^^^^^^^^^^^^^^^^^^^^^^^^^^^^^^^^^^^^^^^^^^^^^^^^^^^^^^
  File "C:\Users\jcrod\OneDrive\Desktop\Universidad\cuartoSemestre\LaboratorioSoftwareIII\proyecto\proyecto_ambiente\Lib\site-packages\django\views\generic\base.py", line 104, in view
    return self.dispatch(request, *args, **kwargs)
           ^^^^^^^^^^^^^^^^^^^^^^^^^^^^^^^^^^^^^^^
  File "C:\Users\jcrod\OneDrive\Desktop\Universidad\cuartoSemestre\LaboratorioSoftwareIII\proyecto\proyecto_ambiente\Lib\site-packages\django\views\generic\base.py", line 143, in dispatch
    return handler(request, *args, **kwargs)
           ^^^^^^^^^^^^^^^^^^^^^^^^^^^^^^^^^
  File "C:\Users\jcrod\OneDrive\Desktop\Universidad\cuartoSemestre\LaboratorioSoftwareIII\proyecto\cakesoft_proyecto\cakesoft_app\views.py", line 72, in post
    login(request, cliente)
  File "C:\Users\jcrod\OneDrive\Desktop\Universidad\cuartoSemestre\LaboratorioSoftwareIII\proyecto\proyecto_ambiente\Lib\site-packages\django\contrib\auth\__init__.py", line 144, in login
    user_logged_in.send(sender=user.__class__, request=request, user=user)
  File "C:\Users\jcrod\OneDrive\Desktop\Universidad\cuartoSemestre\LaboratorioSoftwareIII\proyecto\proyecto_ambiente\Lib\site-packages\django\dispatch\dispatcher.py", line 176, in send
    return [
           ^
  File "C:\Users\jcrod\OneDrive\Desktop\Universidad\cuartoSemestre\LaboratorioSoftwareIII\proyecto\proyecto_ambiente\Lib\site-packages\django\dispatch\dispatcher.py", line 177, in <listcomp>
    (receiver, receiver(signal=self, sender=sender, **named))
               ^^^^^^^^^^^^^^^^^^^^^^^^^^^^^^^^^^^^^^^^^^^^^
  File "C:\Users\jcrod\OneDrive\Desktop\Universidad\cuartoSemestre\LaboratorioSoftwareIII\proyecto\proyecto_ambiente\Lib\site-packages\django\contrib\auth\models.py", line 23, in update_last_login
    user.save(update_fields=["last_login"])
  File "C:\Users\jcrod\OneDrive\Desktop\Universidad\cuartoSemestre\LaboratorioSoftwareIII\proyecto\proyecto_ambiente\Lib\site-packages\django\db\models\base.py", line 797, in save
    raise ValueError(
ValueError: The following fields do not exist in this model, are m2m fields, or are non-concrete fields: last_login
Internal Server Error: /productos/
Traceback (most recent call last):
  File "C:\Users\jcrod\OneDrive\Desktop\Universidad\cuartoSemestre\LaboratorioSoftwareIII\proyecto\proyecto_ambiente\Lib\site-packages\django\core\handlers\exception.py", line 55, in inner
    response = get_response(request)
               ^^^^^^^^^^^^^^^^^^^^^
  File "C:\Users\jcrod\OneDrive\Desktop\Universidad\cuartoSemestre\LaboratorioSoftwareIII\proyecto\proyecto_ambiente\Lib\site-packages\django\core\handlers\base.py", line 220, in _get_response
    response = response.render()
               ^^^^^^^^^^^^^^^^^
  File "C:\Users\jcrod\OneDrive\Desktop\Universidad\cuartoSemestre\LaboratorioSoftwareIII\proyecto\proyecto_ambiente\Lib\site-packages\django\template\response.py", line 111, in render
    self.content = self.rendered_content
                   ^^^^^^^^^^^^^^^^^^^^^
  File "C:\Users\jcrod\OneDrive\Desktop\Universidad\cuartoSemestre\LaboratorioSoftwareIII\proyecto\proyecto_ambiente\Lib\site-packages\django\template\response.py", line 87, in rendered_content
    template = self.resolve_template(self.template_name)
               ^^^^^^^^^^^^^^^^^^^^^^^^^^^^^^^^^^^^^^^^^
  File "C:\Users\jcrod\OneDrive\Desktop\Universidad\cuartoSemestre\LaboratorioSoftwareIII\proyecto\proyecto_ambiente\Lib\site-packages\django\template\response.py", line 69, in resolve_template
    return select_template(template, using=self.using)
           ^^^^^^^^^^^^^^^^^^^^^^^^^^^^^^^^^^^^^^^^^^^
  File "C:\Users\jcrod\OneDrive\Desktop\Universidad\cuartoSemestre\LaboratorioSoftwareIII\proyecto\proyecto_ambiente\Lib\site-packages\django\template\loader.py", line 47, in select_template
    raise TemplateDoesNotExist(", ".join(template_name_list), chain=chain)
django.template.exceptions.TemplateDoesNotExist: home/ver_productos.html, cakesoft_app/producto_list.html
Internal Server Error: /productos/
Traceback (most recent call last):
  File "C:\Users\jcrod\OneDrive\Desktop\Universidad\cuartoSemestre\LaboratorioSoftwareIII\proyecto\proyecto_ambiente\Lib\site-packages\django\core\handlers\exception.py", line 55, in inner
    response = get_response(request)
               ^^^^^^^^^^^^^^^^^^^^^
  File "C:\Users\jcrod\OneDrive\Desktop\Universidad\cuartoSemestre\LaboratorioSoftwareIII\proyecto\proyecto_ambiente\Lib\site-packages\django\core\handlers\base.py", line 220, in _get_response
    response = response.render()
               ^^^^^^^^^^^^^^^^^
  File "C:\Users\jcrod\OneDrive\Desktop\Universidad\cuartoSemestre\LaboratorioSoftwareIII\proyecto\proyecto_ambiente\Lib\site-packages\django\template\response.py", line 111, in render
    self.content = self.rendered_content
                   ^^^^^^^^^^^^^^^^^^^^^
  File "C:\Users\jcrod\OneDrive\Desktop\Universidad\cuartoSemestre\LaboratorioSoftwareIII\proyecto\proyecto_ambiente\Lib\site-packages\django\template\response.py", line 87, in rendered_content
    template = self.resolve_template(self.template_name)
               ^^^^^^^^^^^^^^^^^^^^^^^^^^^^^^^^^^^^^^^^^
  File "C:\Users\jcrod\OneDrive\Desktop\Universidad\cuartoSemestre\LaboratorioSoftwareIII\proyecto\proyecto_ambiente\Lib\site-packages\django\template\response.py", line 69, in resolve_template
    return select_template(template, using=self.using)
           ^^^^^^^^^^^^^^^^^^^^^^^^^^^^^^^^^^^^^^^^^^^
  File "C:\Users\jcrod\OneDrive\Desktop\Universidad\cuartoSemestre\LaboratorioSoftwareIII\proyecto\proyecto_ambiente\Lib\site-packages\django\template\loader.py", line 47, in select_template
    raise TemplateDoesNotExist(", ".join(template_name_list), chain=chain)
django.template.exceptions.TemplateDoesNotExist: home/inicio/productos.html, cakesoft_app/producto_list.html
Internal Server Error: /productos/
Traceback (most recent call last):
  File "C:\Users\jcrod\OneDrive\Desktop\Universidad\cuartoSemestre\LaboratorioSoftwareIII\proyecto\proyecto_ambiente\Lib\site-packages\django\core\handlers\exception.py", line 55, in inner
    response = get_response(request)
               ^^^^^^^^^^^^^^^^^^^^^
  File "C:\Users\jcrod\OneDrive\Desktop\Universidad\cuartoSemestre\LaboratorioSoftwareIII\proyecto\proyecto_ambiente\Lib\site-packages\django\core\handlers\base.py", line 220, in _get_response
    response = response.render()
               ^^^^^^^^^^^^^^^^^
  File "C:\Users\jcrod\OneDrive\Desktop\Universidad\cuartoSemestre\LaboratorioSoftwareIII\proyecto\proyecto_ambiente\Lib\site-packages\django\template\response.py", line 111, in render
    self.content = self.rendered_content
                   ^^^^^^^^^^^^^^^^^^^^^
  File "C:\Users\jcrod\OneDrive\Desktop\Universidad\cuartoSemestre\LaboratorioSoftwareIII\proyecto\proyecto_ambiente\Lib\site-packages\django\template\response.py", line 87, in rendered_content
    template = self.resolve_template(self.template_name)
               ^^^^^^^^^^^^^^^^^^^^^^^^^^^^^^^^^^^^^^^^^
  File "C:\Users\jcrod\OneDrive\Desktop\Universidad\cuartoSemestre\LaboratorioSoftwareIII\proyecto\proyecto_ambiente\Lib\site-packages\django\template\response.py", line 69, in resolve_template
    return select_template(template, using=self.using)
           ^^^^^^^^^^^^^^^^^^^^^^^^^^^^^^^^^^^^^^^^^^^
  File "C:\Users\jcrod\OneDrive\Desktop\Universidad\cuartoSemestre\LaboratorioSoftwareIII\proyecto\proyecto_ambiente\Lib\site-packages\django\template\loader.py", line 47, in select_template
    raise TemplateDoesNotExist(", ".join(template_name_list), chain=chain)
django.template.exceptions.TemplateDoesNotExist: home/inicio/productos.html, cakesoft_app/producto_list.html
Internal Server Error: /productos/
Traceback (most recent call last):
  File "C:\Users\jcrod\OneDrive\Desktop\Universidad\cuartoSemestre\LaboratorioSoftwareIII\proyecto\proyecto_ambiente\Lib\site-packages\django\core\handlers\exception.py", line 55, in inner
    response = get_response(request)
               ^^^^^^^^^^^^^^^^^^^^^
  File "C:\Users\jcrod\OneDrive\Desktop\Universidad\cuartoSemestre\LaboratorioSoftwareIII\proyecto\proyecto_ambiente\Lib\site-packages\django\core\handlers\base.py", line 220, in _get_response
    response = response.render()
               ^^^^^^^^^^^^^^^^^
  File "C:\Users\jcrod\OneDrive\Desktop\Universidad\cuartoSemestre\LaboratorioSoftwareIII\proyecto\proyecto_ambiente\Lib\site-packages\django\template\response.py", line 111, in render
    self.content = self.rendered_content
                   ^^^^^^^^^^^^^^^^^^^^^
  File "C:\Users\jcrod\OneDrive\Desktop\Universidad\cuartoSemestre\LaboratorioSoftwareIII\proyecto\proyecto_ambiente\Lib\site-packages\django\template\response.py", line 87, in rendered_content
    template = self.resolve_template(self.template_name)
               ^^^^^^^^^^^^^^^^^^^^^^^^^^^^^^^^^^^^^^^^^
  File "C:\Users\jcrod\OneDrive\Desktop\Universidad\cuartoSemestre\LaboratorioSoftwareIII\proyecto\proyecto_ambiente\Lib\site-packages\django\template\response.py", line 69, in resolve_template
    return select_template(template, using=self.using)
           ^^^^^^^^^^^^^^^^^^^^^^^^^^^^^^^^^^^^^^^^^^^
  File "C:\Users\jcrod\OneDrive\Desktop\Universidad\cuartoSemestre\LaboratorioSoftwareIII\proyecto\proyecto_ambiente\Lib\site-packages\django\template\loader.py", line 47, in select_template
    raise TemplateDoesNotExist(", ".join(template_name_list), chain=chain)
django.template.exceptions.TemplateDoesNotExist: home/inicio/productos.html, cakesoft_app/producto_list.html
Internal Server Error: /productos/
Traceback (most recent call last):
  File "C:\Users\jcrod\OneDrive\Desktop\Universidad\cuartoSemestre\LaboratorioSoftwareIII\proyecto\proyecto_ambiente\Lib\site-packages\django\core\handlers\exception.py", line 55, in inner
    response = get_response(request)
               ^^^^^^^^^^^^^^^^^^^^^
  File "C:\Users\jcrod\OneDrive\Desktop\Universidad\cuartoSemestre\LaboratorioSoftwareIII\proyecto\proyecto_ambiente\Lib\site-packages\django\core\handlers\base.py", line 220, in _get_response
    response = response.render()
               ^^^^^^^^^^^^^^^^^
  File "C:\Users\jcrod\OneDrive\Desktop\Universidad\cuartoSemestre\LaboratorioSoftwareIII\proyecto\proyecto_ambiente\Lib\site-packages\django\template\response.py", line 111, in render
    self.content = self.rendered_content
                   ^^^^^^^^^^^^^^^^^^^^^
  File "C:\Users\jcrod\OneDrive\Desktop\Universidad\cuartoSemestre\LaboratorioSoftwareIII\proyecto\proyecto_ambiente\Lib\site-packages\django\template\response.py", line 87, in rendered_content
    template = self.resolve_template(self.template_name)
               ^^^^^^^^^^^^^^^^^^^^^^^^^^^^^^^^^^^^^^^^^
  File "C:\Users\jcrod\OneDrive\Desktop\Universidad\cuartoSemestre\LaboratorioSoftwareIII\proyecto\proyecto_ambiente\Lib\site-packages\django\template\response.py", line 69, in resolve_template
    return select_template(template, using=self.using)
           ^^^^^^^^^^^^^^^^^^^^^^^^^^^^^^^^^^^^^^^^^^^
  File "C:\Users\jcrod\OneDrive\Desktop\Universidad\cuartoSemestre\LaboratorioSoftwareIII\proyecto\proyecto_ambiente\Lib\site-packages\django\template\loader.py", line 47, in select_template
    raise TemplateDoesNotExist(", ".join(template_name_list), chain=chain)
django.template.exceptions.TemplateDoesNotExist: /productos.html, cakesoft_app/producto_list.html
Internal Server Error: /login/
Traceback (most recent call last):
  File "C:\Users\jcrod\OneDrive\Desktop\Universidad\cuartoSemestre\LaboratorioSoftwareIII\proyecto\proyecto_ambiente\Lib\site-packages\django\core\handlers\exception.py", line 55, in inner
    response = get_response(request)
               ^^^^^^^^^^^^^^^^^^^^^
  File "C:\Users\jcrod\OneDrive\Desktop\Universidad\cuartoSemestre\LaboratorioSoftwareIII\proyecto\proyecto_ambiente\Lib\site-packages\django\core\handlers\base.py", line 197, in _get_response
    response = wrapped_callback(request, *callback_args, **callback_kwargs)
               ^^^^^^^^^^^^^^^^^^^^^^^^^^^^^^^^^^^^^^^^^^^^^^^^^^^^^^^^^^^^
  File "C:\Users\jcrod\OneDrive\Desktop\Universidad\cuartoSemestre\LaboratorioSoftwareIII\proyecto\proyecto_ambiente\Lib\site-packages\django\views\generic\base.py", line 104, in view
    return self.dispatch(request, *args, **kwargs)
           ^^^^^^^^^^^^^^^^^^^^^^^^^^^^^^^^^^^^^^^
  File "C:\Users\jcrod\OneDrive\Desktop\Universidad\cuartoSemestre\LaboratorioSoftwareIII\proyecto\proyecto_ambiente\Lib\site-packages\django\views\generic\base.py", line 143, in dispatch
    return handler(request, *args, **kwargs)
           ^^^^^^^^^^^^^^^^^^^^^^^^^^^^^^^^^
  File "C:\Users\jcrod\OneDrive\Desktop\Universidad\cuartoSemestre\LaboratorioSoftwareIII\proyecto\cakesoft_proyecto\cakesoft_app\views.py", line 69, in post
    login(request, user)
  File "C:\Users\jcrod\OneDrive\Desktop\Universidad\cuartoSemestre\LaboratorioSoftwareIII\proyecto\proyecto_ambiente\Lib\site-packages\django\contrib\auth\__init__.py", line 144, in login
    user_logged_in.send(sender=user.__class__, request=request, user=user)
  File "C:\Users\jcrod\OneDrive\Desktop\Universidad\cuartoSemestre\LaboratorioSoftwareIII\proyecto\proyecto_ambiente\Lib\site-packages\django\dispatch\dispatcher.py", line 176, in send
    return [
           ^
  File "C:\Users\jcrod\OneDrive\Desktop\Universidad\cuartoSemestre\LaboratorioSoftwareIII\proyecto\proyecto_ambiente\Lib\site-packages\django\dispatch\dispatcher.py", line 177, in <listcomp>
    (receiver, receiver(signal=self, sender=sender, **named))
               ^^^^^^^^^^^^^^^^^^^^^^^^^^^^^^^^^^^^^^^^^^^^^
  File "C:\Users\jcrod\OneDrive\Desktop\Universidad\cuartoSemestre\LaboratorioSoftwareIII\proyecto\proyecto_ambiente\Lib\site-packages\django\contrib\auth\models.py", line 23, in update_last_login
    user.save(update_fields=["last_login"])
  File "C:\Users\jcrod\OneDrive\Desktop\Universidad\cuartoSemestre\LaboratorioSoftwareIII\proyecto\proyecto_ambiente\Lib\site-packages\django\db\models\base.py", line 797, in save
    raise ValueError(
ValueError: The following fields do not exist in this model, are m2m fields, or are non-concrete fields: last_login
Internal Server Error: /logout/
Traceback (most recent call last):
  File "C:\Users\jcrod\OneDrive\Desktop\Universidad\cuartoSemestre\LaboratorioSoftwareIII\proyecto\proyecto_ambiente\Lib\site-packages\django\core\handlers\exception.py", line 55, in inner
    response = get_response(request)
               ^^^^^^^^^^^^^^^^^^^^^
  File "C:\Users\jcrod\OneDrive\Desktop\Universidad\cuartoSemestre\LaboratorioSoftwareIII\proyecto\proyecto_ambiente\Lib\site-packages\django\core\handlers\base.py", line 197, in _get_response
    response = wrapped_callback(request, *callback_args, **callback_kwargs)
               ^^^^^^^^^^^^^^^^^^^^^^^^^^^^^^^^^^^^^^^^^^^^^^^^^^^^^^^^^^^^
  File "C:\Users\jcrod\OneDrive\Desktop\Universidad\cuartoSemestre\LaboratorioSoftwareIII\proyecto\proyecto_ambiente\Lib\site-packages\django\views\generic\base.py", line 104, in view
    return self.dispatch(request, *args, **kwargs)
           ^^^^^^^^^^^^^^^^^^^^^^^^^^^^^^^^^^^^^^^
  File "C:\Users\jcrod\OneDrive\Desktop\Universidad\cuartoSemestre\LaboratorioSoftwareIII\proyecto\proyecto_ambiente\Lib\site-packages\django\views\generic\base.py", line 143, in dispatch
    return handler(request, *args, **kwargs)
           ^^^^^^^^^^^^^^^^^^^^^^^^^^^^^^^^^
  File "C:\Users\jcrod\OneDrive\Desktop\Universidad\cuartoSemestre\LaboratorioSoftwareIII\proyecto\cakesoft_proyecto\cakesoft_app\views.py", line 99, in get
    return redirect('index')  # Redirige a la pgina principal o a la URL que desees despus del cierre de sesin
           ^^^^^^^^^^^^^^^^^
  File "C:\Users\jcrod\OneDrive\Desktop\Universidad\cuartoSemestre\LaboratorioSoftwareIII\proyecto\proyecto_ambiente\Lib\site-packages\django\shortcuts.py", line 48, in redirect
    return redirect_class(resolve_url(to, *args, **kwargs))
                          ^^^^^^^^^^^^^^^^^^^^^^^^^^^^^^^^
  File "C:\Users\jcrod\OneDrive\Desktop\Universidad\cuartoSemestre\LaboratorioSoftwareIII\proyecto\proyecto_ambiente\Lib\site-packages\django\shortcuts.py", line 145, in resolve_url
    return reverse(to, args=args, kwargs=kwargs)
           ^^^^^^^^^^^^^^^^^^^^^^^^^^^^^^^^^^^^^
  File "C:\Users\jcrod\OneDrive\Desktop\Universidad\cuartoSemestre\LaboratorioSoftwareIII\proyecto\proyecto_ambiente\Lib\site-packages\django\urls\base.py", line 88, in reverse
    return resolver._reverse_with_prefix(view, prefix, *args, **kwargs)
           ^^^^^^^^^^^^^^^^^^^^^^^^^^^^^^^^^^^^^^^^^^^^^^^^^^^^^^^^^^^^
  File "C:\Users\jcrod\OneDrive\Desktop\Universidad\cuartoSemestre\LaboratorioSoftwareIII\proyecto\proyecto_ambiente\Lib\site-packages\django\urls\resolvers.py", line 828, in _reverse_with_prefix
    raise NoReverseMatch(msg)
django.urls.exceptions.NoReverseMatch: Reverse for 'index' not found. 'index' is not a valid view function or pattern name.
Internal Server Error: /administrar/cliente/editar/1006268770
Traceback (most recent call last):
  File "C:\Users\jcrod\OneDrive\Desktop\Universidad\cuartoSemestre\LaboratorioSoftwareIII\proyecto\proyecto_ambiente\Lib\site-packages\django\urls\base.py", line 71, in reverse
    extra, resolver = resolver.namespace_dict[ns]
                      ~~~~~~~~~~~~~~~~~~~~~~~^^^^
KeyError: 'administrar'

During handling of the above exception, another exception occurred:

Traceback (most recent call last):
  File "C:\Users\jcrod\OneDrive\Desktop\Universidad\cuartoSemestre\LaboratorioSoftwareIII\proyecto\proyecto_ambiente\Lib\site-packages\django\core\handlers\exception.py", line 55, in inner
    response = get_response(request)
               ^^^^^^^^^^^^^^^^^^^^^
  File "C:\Users\jcrod\OneDrive\Desktop\Universidad\cuartoSemestre\LaboratorioSoftwareIII\proyecto\proyecto_ambiente\Lib\site-packages\django\core\handlers\base.py", line 220, in _get_response
    response = response.render()
               ^^^^^^^^^^^^^^^^^
  File "C:\Users\jcrod\OneDrive\Desktop\Universidad\cuartoSemestre\LaboratorioSoftwareIII\proyecto\proyecto_ambiente\Lib\site-packages\django\template\response.py", line 111, in render
    self.content = self.rendered_content
                   ^^^^^^^^^^^^^^^^^^^^^
  File "C:\Users\jcrod\OneDrive\Desktop\Universidad\cuartoSemestre\LaboratorioSoftwareIII\proyecto\proyecto_ambiente\Lib\site-packages\django\template\response.py", line 89, in rendered_content
    return template.render(context, self._request)
           ^^^^^^^^^^^^^^^^^^^^^^^^^^^^^^^^^^^^^^^
  File "C:\Users\jcrod\OneDrive\Desktop\Universidad\cuartoSemestre\LaboratorioSoftwareIII\proyecto\proyecto_ambiente\Lib\site-packages\django\template\backends\django.py", line 61, in render
    return self.template.render(context)
           ^^^^^^^^^^^^^^^^^^^^^^^^^^^^^
  File "C:\Users\jcrod\OneDrive\Desktop\Universidad\cuartoSemestre\LaboratorioSoftwareIII\proyecto\proyecto_ambiente\Lib\site-packages\django\template\base.py", line 175, in render
    return self._render(context)
           ^^^^^^^^^^^^^^^^^^^^^
  File "C:\Users\jcrod\OneDrive\Desktop\Universidad\cuartoSemestre\LaboratorioSoftwareIII\proyecto\proyecto_ambiente\Lib\site-packages\django\template\base.py", line 167, in _render
    return self.nodelist.render(context)
           ^^^^^^^^^^^^^^^^^^^^^^^^^^^^^
  File "C:\Users\jcrod\OneDrive\Desktop\Universidad\cuartoSemestre\LaboratorioSoftwareIII\proyecto\proyecto_ambiente\Lib\site-packages\django\template\base.py", line 1005, in render
    return SafeString("".join([node.render_annotated(context) for node in self]))
                              ^^^^^^^^^^^^^^^^^^^^^^^^^^^^^^^^^^^^^^^^^^^^^^^^^
  File "C:\Users\jcrod\OneDrive\Desktop\Universidad\cuartoSemestre\LaboratorioSoftwareIII\proyecto\proyecto_ambiente\Lib\site-packages\django\template\base.py", line 1005, in <listcomp>
    return SafeString("".join([node.render_annotated(context) for node in self]))
                               ^^^^^^^^^^^^^^^^^^^^^^^^^^^^^^
  File "C:\Users\jcrod\OneDrive\Desktop\Universidad\cuartoSemestre\LaboratorioSoftwareIII\proyecto\proyecto_ambiente\Lib\site-packages\django\template\base.py", line 966, in render_annotated
    return self.render(context)
           ^^^^^^^^^^^^^^^^^^^^
  File "C:\Users\jcrod\OneDrive\Desktop\Universidad\cuartoSemestre\LaboratorioSoftwareIII\proyecto\proyecto_ambiente\Lib\site-packages\django\template\defaulttags.py", line 471, in render
    url = reverse(view_name, args=args, kwargs=kwargs, current_app=current_app)
          ^^^^^^^^^^^^^^^^^^^^^^^^^^^^^^^^^^^^^^^^^^^^^^^^^^^^^^^^^^^^^^^^^^^^^
  File "C:\Users\jcrod\OneDrive\Desktop\Universidad\cuartoSemestre\LaboratorioSoftwareIII\proyecto\proyecto_ambiente\Lib\site-packages\django\urls\base.py", line 82, in reverse
    raise NoReverseMatch("%s is not a registered namespace" % key)
django.urls.exceptions.NoReverseMatch: 'administrar' is not a registered namespace
Internal Server Error: /administrar/cliente/editar/1111111111
Traceback (most recent call last):
  File "C:\Users\jcrod\OneDrive\Desktop\Universidad\cuartoSemestre\LaboratorioSoftwareIII\proyecto\proyecto_ambiente\Lib\site-packages\django\urls\base.py", line 71, in reverse
    extra, resolver = resolver.namespace_dict[ns]
                      ~~~~~~~~~~~~~~~~~~~~~~~^^^^
KeyError: 'administrar'

During handling of the above exception, another exception occurred:

Traceback (most recent call last):
  File "C:\Users\jcrod\OneDrive\Desktop\Universidad\cuartoSemestre\LaboratorioSoftwareIII\proyecto\proyecto_ambiente\Lib\site-packages\django\core\handlers\exception.py", line 55, in inner
    response = get_response(request)
               ^^^^^^^^^^^^^^^^^^^^^
  File "C:\Users\jcrod\OneDrive\Desktop\Universidad\cuartoSemestre\LaboratorioSoftwareIII\proyecto\proyecto_ambiente\Lib\site-packages\django\core\handlers\base.py", line 220, in _get_response
    response = response.render()
               ^^^^^^^^^^^^^^^^^
  File "C:\Users\jcrod\OneDrive\Desktop\Universidad\cuartoSemestre\LaboratorioSoftwareIII\proyecto\proyecto_ambiente\Lib\site-packages\django\template\response.py", line 111, in render
    self.content = self.rendered_content
                   ^^^^^^^^^^^^^^^^^^^^^
  File "C:\Users\jcrod\OneDrive\Desktop\Universidad\cuartoSemestre\LaboratorioSoftwareIII\proyecto\proyecto_ambiente\Lib\site-packages\django\template\response.py", line 89, in rendered_content
    return template.render(context, self._request)
           ^^^^^^^^^^^^^^^^^^^^^^^^^^^^^^^^^^^^^^^
  File "C:\Users\jcrod\OneDrive\Desktop\Universidad\cuartoSemestre\LaboratorioSoftwareIII\proyecto\proyecto_ambiente\Lib\site-packages\django\template\backends\django.py", line 61, in render
    return self.template.render(context)
           ^^^^^^^^^^^^^^^^^^^^^^^^^^^^^
  File "C:\Users\jcrod\OneDrive\Desktop\Universidad\cuartoSemestre\LaboratorioSoftwareIII\proyecto\proyecto_ambiente\Lib\site-packages\django\template\base.py", line 175, in render
    return self._render(context)
           ^^^^^^^^^^^^^^^^^^^^^
  File "C:\Users\jcrod\OneDrive\Desktop\Universidad\cuartoSemestre\LaboratorioSoftwareIII\proyecto\proyecto_ambiente\Lib\site-packages\django\template\base.py", line 167, in _render
    return self.nodelist.render(context)
           ^^^^^^^^^^^^^^^^^^^^^^^^^^^^^
  File "C:\Users\jcrod\OneDrive\Desktop\Universidad\cuartoSemestre\LaboratorioSoftwareIII\proyecto\proyecto_ambiente\Lib\site-packages\django\template\base.py", line 1005, in render
    return SafeString("".join([node.render_annotated(context) for node in self]))
                              ^^^^^^^^^^^^^^^^^^^^^^^^^^^^^^^^^^^^^^^^^^^^^^^^^
  File "C:\Users\jcrod\OneDrive\Desktop\Universidad\cuartoSemestre\LaboratorioSoftwareIII\proyecto\proyecto_ambiente\Lib\site-packages\django\template\base.py", line 1005, in <listcomp>
    return SafeString("".join([node.render_annotated(context) for node in self]))
                               ^^^^^^^^^^^^^^^^^^^^^^^^^^^^^^
  File "C:\Users\jcrod\OneDrive\Desktop\Universidad\cuartoSemestre\LaboratorioSoftwareIII\proyecto\proyecto_ambiente\Lib\site-packages\django\template\base.py", line 966, in render_annotated
    return self.render(context)
           ^^^^^^^^^^^^^^^^^^^^
  File "C:\Users\jcrod\OneDrive\Desktop\Universidad\cuartoSemestre\LaboratorioSoftwareIII\proyecto\proyecto_ambiente\Lib\site-packages\django\template\defaulttags.py", line 471, in render
    url = reverse(view_name, args=args, kwargs=kwargs, current_app=current_app)
          ^^^^^^^^^^^^^^^^^^^^^^^^^^^^^^^^^^^^^^^^^^^^^^^^^^^^^^^^^^^^^^^^^^^^^
  File "C:\Users\jcrod\OneDrive\Desktop\Universidad\cuartoSemestre\LaboratorioSoftwareIII\proyecto\proyecto_ambiente\Lib\site-packages\django\urls\base.py", line 82, in reverse
    raise NoReverseMatch("%s is not a registered namespace" % key)
django.urls.exceptions.NoReverseMatch: 'administrar' is not a registered namespace
Internal Server Error: /productos/
Traceback (most recent call last):
  File "C:\Users\jcrod\OneDrive\Desktop\Universidad\cuartoSemestre\LaboratorioSoftwareIII\proyecto\proyecto_ambiente\Lib\site-packages\django\core\handlers\exception.py", line 55, in inner
    response = get_response(request)
               ^^^^^^^^^^^^^^^^^^^^^
  File "C:\Users\jcrod\OneDrive\Desktop\Universidad\cuartoSemestre\LaboratorioSoftwareIII\proyecto\proyecto_ambiente\Lib\site-packages\django\core\handlers\base.py", line 220, in _get_response
    response = response.render()
               ^^^^^^^^^^^^^^^^^
  File "C:\Users\jcrod\OneDrive\Desktop\Universidad\cuartoSemestre\LaboratorioSoftwareIII\proyecto\proyecto_ambiente\Lib\site-packages\django\template\response.py", line 111, in render
    self.content = self.rendered_content
                   ^^^^^^^^^^^^^^^^^^^^^
  File "C:\Users\jcrod\OneDrive\Desktop\Universidad\cuartoSemestre\LaboratorioSoftwareIII\proyecto\proyecto_ambiente\Lib\site-packages\django\template\response.py", line 87, in rendered_content
    template = self.resolve_template(self.template_name)
               ^^^^^^^^^^^^^^^^^^^^^^^^^^^^^^^^^^^^^^^^^
  File "C:\Users\jcrod\OneDrive\Desktop\Universidad\cuartoSemestre\LaboratorioSoftwareIII\proyecto\proyecto_ambiente\Lib\site-packages\django\template\response.py", line 69, in resolve_template
    return select_template(template, using=self.using)
           ^^^^^^^^^^^^^^^^^^^^^^^^^^^^^^^^^^^^^^^^^^^
  File "C:\Users\jcrod\OneDrive\Desktop\Universidad\cuartoSemestre\LaboratorioSoftwareIII\proyecto\proyecto_ambiente\Lib\site-packages\django\template\loader.py", line 42, in select_template
    return engine.get_template(template_name)
           ^^^^^^^^^^^^^^^^^^^^^^^^^^^^^^^^^^
  File "C:\Users\jcrod\OneDrive\Desktop\Universidad\cuartoSemestre\LaboratorioSoftwareIII\proyecto\proyecto_ambiente\Lib\site-packages\django\template\backends\django.py", line 33, in get_template
    return Template(self.engine.get_template(template_name), self)
                    ^^^^^^^^^^^^^^^^^^^^^^^^^^^^^^^^^^^^^^^
  File "C:\Users\jcrod\OneDrive\Desktop\Universidad\cuartoSemestre\LaboratorioSoftwareIII\proyecto\proyecto_ambiente\Lib\site-packages\django\template\engine.py", line 175, in get_template
    template, origin = self.find_template(template_name)
                       ^^^^^^^^^^^^^^^^^^^^^^^^^^^^^^^^^
  File "C:\Users\jcrod\OneDrive\Desktop\Universidad\cuartoSemestre\LaboratorioSoftwareIII\proyecto\proyecto_ambiente\Lib\site-packages\django\template\engine.py", line 157, in find_template
    template = loader.get_template(name, skip=skip)
               ^^^^^^^^^^^^^^^^^^^^^^^^^^^^^^^^^^^^
  File "C:\Users\jcrod\OneDrive\Desktop\Universidad\cuartoSemestre\LaboratorioSoftwareIII\proyecto\proyecto_ambiente\Lib\site-packages\django\template\loaders\cached.py", line 57, in get_template
    template = super().get_template(template_name, skip)
               ^^^^^^^^^^^^^^^^^^^^^^^^^^^^^^^^^^^^^^^^^
  File "C:\Users\jcrod\OneDrive\Desktop\Universidad\cuartoSemestre\LaboratorioSoftwareIII\proyecto\proyecto_ambiente\Lib\site-packages\django\template\loaders\base.py", line 28, in get_template
    return Template(
           ^^^^^^^^^
  File "C:\Users\jcrod\OneDrive\Desktop\Universidad\cuartoSemestre\LaboratorioSoftwareIII\proyecto\proyecto_ambiente\Lib\site-packages\django\template\base.py", line 154, in __init__
    self.nodelist = self.compile_nodelist()
                    ^^^^^^^^^^^^^^^^^^^^^^^
  File "C:\Users\jcrod\OneDrive\Desktop\Universidad\cuartoSemestre\LaboratorioSoftwareIII\proyecto\proyecto_ambiente\Lib\site-packages\django\template\base.py", line 200, in compile_nodelist
    return parser.parse()
           ^^^^^^^^^^^^^^
  File "C:\Users\jcrod\OneDrive\Desktop\Universidad\cuartoSemestre\LaboratorioSoftwareIII\proyecto\proyecto_ambiente\Lib\site-packages\django\template\base.py", line 484, in parse
    raise self.error(token, e)
  File "C:\Users\jcrod\OneDrive\Desktop\Universidad\cuartoSemestre\LaboratorioSoftwareIII\proyecto\proyecto_ambiente\Lib\site-packages\django\template\base.py", line 482, in parse
    filter_expression = self.compile_filter(token.contents)
                        ^^^^^^^^^^^^^^^^^^^^^^^^^^^^^^^^^^^
  File "C:\Users\jcrod\OneDrive\Desktop\Universidad\cuartoSemestre\LaboratorioSoftwareIII\proyecto\proyecto_ambiente\Lib\site-packages\django\template\base.py", line 600, in compile_filter
    return FilterExpression(token, self)
           ^^^^^^^^^^^^^^^^^^^^^^^^^^^^^
  File "C:\Users\jcrod\OneDrive\Desktop\Universidad\cuartoSemestre\LaboratorioSoftwareIII\proyecto\proyecto_ambiente\Lib\site-packages\django\template\base.py", line 703, in __init__
    raise TemplateSyntaxError(
django.template.exceptions.TemplateSyntaxError: Could not parse the remainder: '[productId].nombre_producto' from 'productos_dict[productId].nombre_producto'
Internal Server Error: /productos/
Traceback (most recent call last):
  File "C:\Users\jcrod\OneDrive\Desktop\Universidad\cuartoSemestre\LaboratorioSoftwareIII\proyecto\proyecto_ambiente\Lib\site-packages\django\template\base.py", line 505, in parse
    compile_func = self.tags[command]
                   ~~~~~~~~~^^^^^^^^^
KeyError: 'static'

During handling of the above exception, another exception occurred:

Traceback (most recent call last):
  File "C:\Users\jcrod\OneDrive\Desktop\Universidad\cuartoSemestre\LaboratorioSoftwareIII\proyecto\proyecto_ambiente\Lib\site-packages\django\core\handlers\exception.py", line 55, in inner
    response = get_response(request)
               ^^^^^^^^^^^^^^^^^^^^^
  File "C:\Users\jcrod\OneDrive\Desktop\Universidad\cuartoSemestre\LaboratorioSoftwareIII\proyecto\proyecto_ambiente\Lib\site-packages\django\core\handlers\base.py", line 220, in _get_response
    response = response.render()
               ^^^^^^^^^^^^^^^^^
  File "C:\Users\jcrod\OneDrive\Desktop\Universidad\cuartoSemestre\LaboratorioSoftwareIII\proyecto\proyecto_ambiente\Lib\site-packages\django\template\response.py", line 111, in render
    self.content = self.rendered_content
                   ^^^^^^^^^^^^^^^^^^^^^
  File "C:\Users\jcrod\OneDrive\Desktop\Universidad\cuartoSemestre\LaboratorioSoftwareIII\proyecto\proyecto_ambiente\Lib\site-packages\django\template\response.py", line 87, in rendered_content
    template = self.resolve_template(self.template_name)
               ^^^^^^^^^^^^^^^^^^^^^^^^^^^^^^^^^^^^^^^^^
  File "C:\Users\jcrod\OneDrive\Desktop\Universidad\cuartoSemestre\LaboratorioSoftwareIII\proyecto\proyecto_ambiente\Lib\site-packages\django\template\response.py", line 69, in resolve_template
    return select_template(template, using=self.using)
           ^^^^^^^^^^^^^^^^^^^^^^^^^^^^^^^^^^^^^^^^^^^
  File "C:\Users\jcrod\OneDrive\Desktop\Universidad\cuartoSemestre\LaboratorioSoftwareIII\proyecto\proyecto_ambiente\Lib\site-packages\django\template\loader.py", line 42, in select_template
    return engine.get_template(template_name)
           ^^^^^^^^^^^^^^^^^^^^^^^^^^^^^^^^^^
  File "C:\Users\jcrod\OneDrive\Desktop\Universidad\cuartoSemestre\LaboratorioSoftwareIII\proyecto\proyecto_ambiente\Lib\site-packages\django\template\backends\django.py", line 33, in get_template
    return Template(self.engine.get_template(template_name), self)
                    ^^^^^^^^^^^^^^^^^^^^^^^^^^^^^^^^^^^^^^^
  File "C:\Users\jcrod\OneDrive\Desktop\Universidad\cuartoSemestre\LaboratorioSoftwareIII\proyecto\proyecto_ambiente\Lib\site-packages\django\template\engine.py", line 175, in get_template
    template, origin = self.find_template(template_name)
                       ^^^^^^^^^^^^^^^^^^^^^^^^^^^^^^^^^
  File "C:\Users\jcrod\OneDrive\Desktop\Universidad\cuartoSemestre\LaboratorioSoftwareIII\proyecto\proyecto_ambiente\Lib\site-packages\django\template\engine.py", line 157, in find_template
    template = loader.get_template(name, skip=skip)
               ^^^^^^^^^^^^^^^^^^^^^^^^^^^^^^^^^^^^
  File "C:\Users\jcrod\OneDrive\Desktop\Universidad\cuartoSemestre\LaboratorioSoftwareIII\proyecto\proyecto_ambiente\Lib\site-packages\django\template\loaders\cached.py", line 57, in get_template
    template = super().get_template(template_name, skip)
               ^^^^^^^^^^^^^^^^^^^^^^^^^^^^^^^^^^^^^^^^^
  File "C:\Users\jcrod\OneDrive\Desktop\Universidad\cuartoSemestre\LaboratorioSoftwareIII\proyecto\proyecto_ambiente\Lib\site-packages\django\template\loaders\base.py", line 28, in get_template
    return Template(
           ^^^^^^^^^
  File "C:\Users\jcrod\OneDrive\Desktop\Universidad\cuartoSemestre\LaboratorioSoftwareIII\proyecto\proyecto_ambiente\Lib\site-packages\django\template\base.py", line 154, in __init__
    self.nodelist = self.compile_nodelist()
                    ^^^^^^^^^^^^^^^^^^^^^^^
  File "C:\Users\jcrod\OneDrive\Desktop\Universidad\cuartoSemestre\LaboratorioSoftwareIII\proyecto\proyecto_ambiente\Lib\site-packages\django\template\base.py", line 200, in compile_nodelist
    return parser.parse()
           ^^^^^^^^^^^^^^
  File "C:\Users\jcrod\OneDrive\Desktop\Universidad\cuartoSemestre\LaboratorioSoftwareIII\proyecto\proyecto_ambiente\Lib\site-packages\django\template\base.py", line 513, in parse
    raise self.error(token, e)
  File "C:\Users\jcrod\OneDrive\Desktop\Universidad\cuartoSemestre\LaboratorioSoftwareIII\proyecto\proyecto_ambiente\Lib\site-packages\django\template\base.py", line 511, in parse
    compiled_result = compile_func(self, token)
                      ^^^^^^^^^^^^^^^^^^^^^^^^^
  File "C:\Users\jcrod\OneDrive\Desktop\Universidad\cuartoSemestre\LaboratorioSoftwareIII\proyecto\proyecto_ambiente\Lib\site-packages\django\template\defaulttags.py", line 853, in do_for
    nodelist_loop = parser.parse(
                    ^^^^^^^^^^^^^
  File "C:\Users\jcrod\OneDrive\Desktop\Universidad\cuartoSemestre\LaboratorioSoftwareIII\proyecto\proyecto_ambiente\Lib\site-packages\django\template\base.py", line 507, in parse
    self.invalid_block_tag(token, command, parse_until)
  File "C:\Users\jcrod\OneDrive\Desktop\Universidad\cuartoSemestre\LaboratorioSoftwareIII\proyecto\proyecto_ambiente\Lib\site-packages\django\template\base.py", line 558, in invalid_block_tag
    raise self.error(
django.template.exceptions.TemplateSyntaxError: Invalid block tag on line 23: 'static', expected 'empty' or 'endfor'. Did you forget to register or load this tag?
Internal Server Error: /administrar/cliente/editar/1111111111
Traceback (most recent call last):
  File "C:\Users\jcrod\OneDrive\Desktop\Universidad\cuartoSemestre\LaboratorioSoftwareIII\proyecto\proyecto_ambiente\Lib\site-packages\django\urls\base.py", line 71, in reverse
    extra, resolver = resolver.namespace_dict[ns]
                      ~~~~~~~~~~~~~~~~~~~~~~~^^^^
KeyError: 'administrar'

During handling of the above exception, another exception occurred:

Traceback (most recent call last):
  File "C:\Users\jcrod\OneDrive\Desktop\Universidad\cuartoSemestre\LaboratorioSoftwareIII\proyecto\proyecto_ambiente\Lib\site-packages\django\core\handlers\exception.py", line 55, in inner
    response = get_response(request)
               ^^^^^^^^^^^^^^^^^^^^^
  File "C:\Users\jcrod\OneDrive\Desktop\Universidad\cuartoSemestre\LaboratorioSoftwareIII\proyecto\proyecto_ambiente\Lib\site-packages\django\core\handlers\base.py", line 220, in _get_response
    response = response.render()
               ^^^^^^^^^^^^^^^^^
  File "C:\Users\jcrod\OneDrive\Desktop\Universidad\cuartoSemestre\LaboratorioSoftwareIII\proyecto\proyecto_ambiente\Lib\site-packages\django\template\response.py", line 111, in render
    self.content = self.rendered_content
                   ^^^^^^^^^^^^^^^^^^^^^
  File "C:\Users\jcrod\OneDrive\Desktop\Universidad\cuartoSemestre\LaboratorioSoftwareIII\proyecto\proyecto_ambiente\Lib\site-packages\django\template\response.py", line 89, in rendered_content
    return template.render(context, self._request)
           ^^^^^^^^^^^^^^^^^^^^^^^^^^^^^^^^^^^^^^^
  File "C:\Users\jcrod\OneDrive\Desktop\Universidad\cuartoSemestre\LaboratorioSoftwareIII\proyecto\proyecto_ambiente\Lib\site-packages\django\template\backends\django.py", line 61, in render
    return self.template.render(context)
           ^^^^^^^^^^^^^^^^^^^^^^^^^^^^^
  File "C:\Users\jcrod\OneDrive\Desktop\Universidad\cuartoSemestre\LaboratorioSoftwareIII\proyecto\proyecto_ambiente\Lib\site-packages\django\template\base.py", line 175, in render
    return self._render(context)
           ^^^^^^^^^^^^^^^^^^^^^
  File "C:\Users\jcrod\OneDrive\Desktop\Universidad\cuartoSemestre\LaboratorioSoftwareIII\proyecto\proyecto_ambiente\Lib\site-packages\django\template\base.py", line 167, in _render
    return self.nodelist.render(context)
           ^^^^^^^^^^^^^^^^^^^^^^^^^^^^^
  File "C:\Users\jcrod\OneDrive\Desktop\Universidad\cuartoSemestre\LaboratorioSoftwareIII\proyecto\proyecto_ambiente\Lib\site-packages\django\template\base.py", line 1005, in render
    return SafeString("".join([node.render_annotated(context) for node in self]))
                              ^^^^^^^^^^^^^^^^^^^^^^^^^^^^^^^^^^^^^^^^^^^^^^^^^
  File "C:\Users\jcrod\OneDrive\Desktop\Universidad\cuartoSemestre\LaboratorioSoftwareIII\proyecto\proyecto_ambiente\Lib\site-packages\django\template\base.py", line 1005, in <listcomp>
    return SafeString("".join([node.render_annotated(context) for node in self]))
                               ^^^^^^^^^^^^^^^^^^^^^^^^^^^^^^
  File "C:\Users\jcrod\OneDrive\Desktop\Universidad\cuartoSemestre\LaboratorioSoftwareIII\proyecto\proyecto_ambiente\Lib\site-packages\django\template\base.py", line 966, in render_annotated
    return self.render(context)
           ^^^^^^^^^^^^^^^^^^^^
  File "C:\Users\jcrod\OneDrive\Desktop\Universidad\cuartoSemestre\LaboratorioSoftwareIII\proyecto\proyecto_ambiente\Lib\site-packages\django\template\defaulttags.py", line 471, in render
    url = reverse(view_name, args=args, kwargs=kwargs, current_app=current_app)
          ^^^^^^^^^^^^^^^^^^^^^^^^^^^^^^^^^^^^^^^^^^^^^^^^^^^^^^^^^^^^^^^^^^^^^
  File "C:\Users\jcrod\OneDrive\Desktop\Universidad\cuartoSemestre\LaboratorioSoftwareIII\proyecto\proyecto_ambiente\Lib\site-packages\django\urls\base.py", line 82, in reverse
    raise NoReverseMatch("%s is not a registered namespace" % key)
django.urls.exceptions.NoReverseMatch: 'administrar' is not a registered namespace
Internal Server Error: /administrar/cliente/editar/1111111111
Traceback (most recent call last):
  File "C:\Users\jcrod\OneDrive\Desktop\Universidad\cuartoSemestre\LaboratorioSoftwareIII\proyecto\proyecto_ambiente\Lib\site-packages\django\urls\base.py", line 71, in reverse
    extra, resolver = resolver.namespace_dict[ns]
                      ~~~~~~~~~~~~~~~~~~~~~~~^^^^
KeyError: 'administrar'

During handling of the above exception, another exception occurred:

Traceback (most recent call last):
  File "C:\Users\jcrod\OneDrive\Desktop\Universidad\cuartoSemestre\LaboratorioSoftwareIII\proyecto\proyecto_ambiente\Lib\site-packages\django\core\handlers\exception.py", line 55, in inner
    response = get_response(request)
               ^^^^^^^^^^^^^^^^^^^^^
  File "C:\Users\jcrod\OneDrive\Desktop\Universidad\cuartoSemestre\LaboratorioSoftwareIII\proyecto\proyecto_ambiente\Lib\site-packages\django\core\handlers\base.py", line 220, in _get_response
    response = response.render()
               ^^^^^^^^^^^^^^^^^
  File "C:\Users\jcrod\OneDrive\Desktop\Universidad\cuartoSemestre\LaboratorioSoftwareIII\proyecto\proyecto_ambiente\Lib\site-packages\django\template\response.py", line 111, in render
    self.content = self.rendered_content
                   ^^^^^^^^^^^^^^^^^^^^^
  File "C:\Users\jcrod\OneDrive\Desktop\Universidad\cuartoSemestre\LaboratorioSoftwareIII\proyecto\proyecto_ambiente\Lib\site-packages\django\template\response.py", line 89, in rendered_content
    return template.render(context, self._request)
           ^^^^^^^^^^^^^^^^^^^^^^^^^^^^^^^^^^^^^^^
  File "C:\Users\jcrod\OneDrive\Desktop\Universidad\cuartoSemestre\LaboratorioSoftwareIII\proyecto\proyecto_ambiente\Lib\site-packages\django\template\backends\django.py", line 61, in render
    return self.template.render(context)
           ^^^^^^^^^^^^^^^^^^^^^^^^^^^^^
  File "C:\Users\jcrod\OneDrive\Desktop\Universidad\cuartoSemestre\LaboratorioSoftwareIII\proyecto\proyecto_ambiente\Lib\site-packages\django\template\base.py", line 175, in render
    return self._render(context)
           ^^^^^^^^^^^^^^^^^^^^^
  File "C:\Users\jcrod\OneDrive\Desktop\Universidad\cuartoSemestre\LaboratorioSoftwareIII\proyecto\proyecto_ambiente\Lib\site-packages\django\template\base.py", line 167, in _render
    return self.nodelist.render(context)
           ^^^^^^^^^^^^^^^^^^^^^^^^^^^^^
  File "C:\Users\jcrod\OneDrive\Desktop\Universidad\cuartoSemestre\LaboratorioSoftwareIII\proyecto\proyecto_ambiente\Lib\site-packages\django\template\base.py", line 1005, in render
    return SafeString("".join([node.render_annotated(context) for node in self]))
                              ^^^^^^^^^^^^^^^^^^^^^^^^^^^^^^^^^^^^^^^^^^^^^^^^^
  File "C:\Users\jcrod\OneDrive\Desktop\Universidad\cuartoSemestre\LaboratorioSoftwareIII\proyecto\proyecto_ambiente\Lib\site-packages\django\template\base.py", line 1005, in <listcomp>
    return SafeString("".join([node.render_annotated(context) for node in self]))
                               ^^^^^^^^^^^^^^^^^^^^^^^^^^^^^^
  File "C:\Users\jcrod\OneDrive\Desktop\Universidad\cuartoSemestre\LaboratorioSoftwareIII\proyecto\proyecto_ambiente\Lib\site-packages\django\template\base.py", line 966, in render_annotated
    return self.render(context)
           ^^^^^^^^^^^^^^^^^^^^
  File "C:\Users\jcrod\OneDrive\Desktop\Universidad\cuartoSemestre\LaboratorioSoftwareIII\proyecto\proyecto_ambiente\Lib\site-packages\django\template\defaulttags.py", line 471, in render
    url = reverse(view_name, args=args, kwargs=kwargs, current_app=current_app)
          ^^^^^^^^^^^^^^^^^^^^^^^^^^^^^^^^^^^^^^^^^^^^^^^^^^^^^^^^^^^^^^^^^^^^^
  File "C:\Users\jcrod\OneDrive\Desktop\Universidad\cuartoSemestre\LaboratorioSoftwareIII\proyecto\proyecto_ambiente\Lib\site-packages\django\urls\base.py", line 82, in reverse
    raise NoReverseMatch("%s is not a registered namespace" % key)
django.urls.exceptions.NoReverseMatch: 'administrar' is not a registered namespace
Internal Server Error: /administrar/cliente/editar/1111111111
Traceback (most recent call last):
  File "C:\Users\jcrod\OneDrive\Desktop\Universidad\cuartoSemestre\LaboratorioSoftwareIII\proyecto\proyecto_ambiente\Lib\site-packages\django\urls\base.py", line 71, in reverse
    extra, resolver = resolver.namespace_dict[ns]
                      ~~~~~~~~~~~~~~~~~~~~~~~^^^^
KeyError: 'administrar'

During handling of the above exception, another exception occurred:

Traceback (most recent call last):
  File "C:\Users\jcrod\OneDrive\Desktop\Universidad\cuartoSemestre\LaboratorioSoftwareIII\proyecto\proyecto_ambiente\Lib\site-packages\django\core\handlers\exception.py", line 55, in inner
    response = get_response(request)
               ^^^^^^^^^^^^^^^^^^^^^
  File "C:\Users\jcrod\OneDrive\Desktop\Universidad\cuartoSemestre\LaboratorioSoftwareIII\proyecto\proyecto_ambiente\Lib\site-packages\django\core\handlers\base.py", line 220, in _get_response
    response = response.render()
               ^^^^^^^^^^^^^^^^^
  File "C:\Users\jcrod\OneDrive\Desktop\Universidad\cuartoSemestre\LaboratorioSoftwareIII\proyecto\proyecto_ambiente\Lib\site-packages\django\template\response.py", line 111, in render
    self.content = self.rendered_content
                   ^^^^^^^^^^^^^^^^^^^^^
  File "C:\Users\jcrod\OneDrive\Desktop\Universidad\cuartoSemestre\LaboratorioSoftwareIII\proyecto\proyecto_ambiente\Lib\site-packages\django\template\response.py", line 89, in rendered_content
    return template.render(context, self._request)
           ^^^^^^^^^^^^^^^^^^^^^^^^^^^^^^^^^^^^^^^
  File "C:\Users\jcrod\OneDrive\Desktop\Universidad\cuartoSemestre\LaboratorioSoftwareIII\proyecto\proyecto_ambiente\Lib\site-packages\django\template\backends\django.py", line 61, in render
    return self.template.render(context)
           ^^^^^^^^^^^^^^^^^^^^^^^^^^^^^
  File "C:\Users\jcrod\OneDrive\Desktop\Universidad\cuartoSemestre\LaboratorioSoftwareIII\proyecto\proyecto_ambiente\Lib\site-packages\django\template\base.py", line 175, in render
    return self._render(context)
           ^^^^^^^^^^^^^^^^^^^^^
  File "C:\Users\jcrod\OneDrive\Desktop\Universidad\cuartoSemestre\LaboratorioSoftwareIII\proyecto\proyecto_ambiente\Lib\site-packages\django\template\base.py", line 167, in _render
    return self.nodelist.render(context)
           ^^^^^^^^^^^^^^^^^^^^^^^^^^^^^
  File "C:\Users\jcrod\OneDrive\Desktop\Universidad\cuartoSemestre\LaboratorioSoftwareIII\proyecto\proyecto_ambiente\Lib\site-packages\django\template\base.py", line 1005, in render
    return SafeString("".join([node.render_annotated(context) for node in self]))
                              ^^^^^^^^^^^^^^^^^^^^^^^^^^^^^^^^^^^^^^^^^^^^^^^^^
  File "C:\Users\jcrod\OneDrive\Desktop\Universidad\cuartoSemestre\LaboratorioSoftwareIII\proyecto\proyecto_ambiente\Lib\site-packages\django\template\base.py", line 1005, in <listcomp>
    return SafeString("".join([node.render_annotated(context) for node in self]))
                               ^^^^^^^^^^^^^^^^^^^^^^^^^^^^^^
  File "C:\Users\jcrod\OneDrive\Desktop\Universidad\cuartoSemestre\LaboratorioSoftwareIII\proyecto\proyecto_ambiente\Lib\site-packages\django\template\base.py", line 966, in render_annotated
    return self.render(context)
           ^^^^^^^^^^^^^^^^^^^^
  File "C:\Users\jcrod\OneDrive\Desktop\Universidad\cuartoSemestre\LaboratorioSoftwareIII\proyecto\proyecto_ambiente\Lib\site-packages\django\template\defaulttags.py", line 471, in render
    url = reverse(view_name, args=args, kwargs=kwargs, current_app=current_app)
          ^^^^^^^^^^^^^^^^^^^^^^^^^^^^^^^^^^^^^^^^^^^^^^^^^^^^^^^^^^^^^^^^^^^^^
  File "C:\Users\jcrod\OneDrive\Desktop\Universidad\cuartoSemestre\LaboratorioSoftwareIII\proyecto\proyecto_ambiente\Lib\site-packages\django\urls\base.py", line 82, in reverse
    raise NoReverseMatch("%s is not a registered namespace" % key)
django.urls.exceptions.NoReverseMatch: 'administrar' is not a registered namespace
Internal Server Error: /administrar/cliente/
Traceback (most recent call last):
  File "C:\Users\jcrod\OneDrive\Desktop\Universidad\cuartoSemestre\LaboratorioSoftwareIII\proyecto\proyecto_ambiente\Lib\site-packages\django\core\handlers\exception.py", line 55, in inner
    response = get_response(request)
               ^^^^^^^^^^^^^^^^^^^^^
  File "C:\Users\jcrod\OneDrive\Desktop\Universidad\cuartoSemestre\LaboratorioSoftwareIII\proyecto\proyecto_ambiente\Lib\site-packages\django\core\handlers\base.py", line 220, in _get_response
    response = response.render()
               ^^^^^^^^^^^^^^^^^
  File "C:\Users\jcrod\OneDrive\Desktop\Universidad\cuartoSemestre\LaboratorioSoftwareIII\proyecto\proyecto_ambiente\Lib\site-packages\django\template\response.py", line 111, in render
    self.content = self.rendered_content
                   ^^^^^^^^^^^^^^^^^^^^^
  File "C:\Users\jcrod\OneDrive\Desktop\Universidad\cuartoSemestre\LaboratorioSoftwareIII\proyecto\proyecto_ambiente\Lib\site-packages\django\template\response.py", line 89, in rendered_content
    return template.render(context, self._request)
           ^^^^^^^^^^^^^^^^^^^^^^^^^^^^^^^^^^^^^^^
  File "C:\Users\jcrod\OneDrive\Desktop\Universidad\cuartoSemestre\LaboratorioSoftwareIII\proyecto\proyecto_ambiente\Lib\site-packages\django\template\backends\django.py", line 61, in render
    return self.template.render(context)
           ^^^^^^^^^^^^^^^^^^^^^^^^^^^^^
  File "C:\Users\jcrod\OneDrive\Desktop\Universidad\cuartoSemestre\LaboratorioSoftwareIII\proyecto\proyecto_ambiente\Lib\site-packages\django\template\base.py", line 175, in render
    return self._render(context)
           ^^^^^^^^^^^^^^^^^^^^^
  File "C:\Users\jcrod\OneDrive\Desktop\Universidad\cuartoSemestre\LaboratorioSoftwareIII\proyecto\proyecto_ambiente\Lib\site-packages\django\template\base.py", line 167, in _render
    return self.nodelist.render(context)
           ^^^^^^^^^^^^^^^^^^^^^^^^^^^^^
  File "C:\Users\jcrod\OneDrive\Desktop\Universidad\cuartoSemestre\LaboratorioSoftwareIII\proyecto\proyecto_ambiente\Lib\site-packages\django\template\base.py", line 1005, in render
    return SafeString("".join([node.render_annotated(context) for node in self]))
                              ^^^^^^^^^^^^^^^^^^^^^^^^^^^^^^^^^^^^^^^^^^^^^^^^^
  File "C:\Users\jcrod\OneDrive\Desktop\Universidad\cuartoSemestre\LaboratorioSoftwareIII\proyecto\proyecto_ambiente\Lib\site-packages\django\template\base.py", line 1005, in <listcomp>
    return SafeString("".join([node.render_annotated(context) for node in self]))
                               ^^^^^^^^^^^^^^^^^^^^^^^^^^^^^^
  File "C:\Users\jcrod\OneDrive\Desktop\Universidad\cuartoSemestre\LaboratorioSoftwareIII\proyecto\proyecto_ambiente\Lib\site-packages\django\template\base.py", line 966, in render_annotated
    return self.render(context)
           ^^^^^^^^^^^^^^^^^^^^
  File "C:\Users\jcrod\OneDrive\Desktop\Universidad\cuartoSemestre\LaboratorioSoftwareIII\proyecto\proyecto_ambiente\Lib\site-packages\django\template\defaulttags.py", line 471, in render
    url = reverse(view_name, args=args, kwargs=kwargs, current_app=current_app)
          ^^^^^^^^^^^^^^^^^^^^^^^^^^^^^^^^^^^^^^^^^^^^^^^^^^^^^^^^^^^^^^^^^^^^^
  File "C:\Users\jcrod\OneDrive\Desktop\Universidad\cuartoSemestre\LaboratorioSoftwareIII\proyecto\proyecto_ambiente\Lib\site-packages\django\urls\base.py", line 88, in reverse
    return resolver._reverse_with_prefix(view, prefix, *args, **kwargs)
           ^^^^^^^^^^^^^^^^^^^^^^^^^^^^^^^^^^^^^^^^^^^^^^^^^^^^^^^^^^^^
  File "C:\Users\jcrod\OneDrive\Desktop\Universidad\cuartoSemestre\LaboratorioSoftwareIII\proyecto\proyecto_ambiente\Lib\site-packages\django\urls\resolvers.py", line 828, in _reverse_with_prefix
    raise NoReverseMatch(msg)
django.urls.exceptions.NoReverseMatch: Reverse for 'eliminarCliente' with no arguments not found. 1 pattern(s) tried: ['administrar/cliente/eliminar/(?P<pk>[0-9]+)\\Z']
Internal Server Error: /administrar/cliente/
Traceback (most recent call last):
  File "C:\Users\jcrod\OneDrive\Desktop\Universidad\cuartoSemestre\LaboratorioSoftwareIII\proyecto\proyecto_ambiente\Lib\site-packages\django\core\handlers\exception.py", line 55, in inner
    response = get_response(request)
               ^^^^^^^^^^^^^^^^^^^^^
  File "C:\Users\jcrod\OneDrive\Desktop\Universidad\cuartoSemestre\LaboratorioSoftwareIII\proyecto\proyecto_ambiente\Lib\site-packages\django\core\handlers\base.py", line 220, in _get_response
    response = response.render()
               ^^^^^^^^^^^^^^^^^
  File "C:\Users\jcrod\OneDrive\Desktop\Universidad\cuartoSemestre\LaboratorioSoftwareIII\proyecto\proyecto_ambiente\Lib\site-packages\django\template\response.py", line 111, in render
    self.content = self.rendered_content
                   ^^^^^^^^^^^^^^^^^^^^^
  File "C:\Users\jcrod\OneDrive\Desktop\Universidad\cuartoSemestre\LaboratorioSoftwareIII\proyecto\proyecto_ambiente\Lib\site-packages\django\template\response.py", line 89, in rendered_content
    return template.render(context, self._request)
           ^^^^^^^^^^^^^^^^^^^^^^^^^^^^^^^^^^^^^^^
  File "C:\Users\jcrod\OneDrive\Desktop\Universidad\cuartoSemestre\LaboratorioSoftwareIII\proyecto\proyecto_ambiente\Lib\site-packages\django\template\backends\django.py", line 61, in render
    return self.template.render(context)
           ^^^^^^^^^^^^^^^^^^^^^^^^^^^^^
  File "C:\Users\jcrod\OneDrive\Desktop\Universidad\cuartoSemestre\LaboratorioSoftwareIII\proyecto\proyecto_ambiente\Lib\site-packages\django\template\base.py", line 175, in render
    return self._render(context)
           ^^^^^^^^^^^^^^^^^^^^^
  File "C:\Users\jcrod\OneDrive\Desktop\Universidad\cuartoSemestre\LaboratorioSoftwareIII\proyecto\proyecto_ambiente\Lib\site-packages\django\template\base.py", line 167, in _render
    return self.nodelist.render(context)
           ^^^^^^^^^^^^^^^^^^^^^^^^^^^^^
  File "C:\Users\jcrod\OneDrive\Desktop\Universidad\cuartoSemestre\LaboratorioSoftwareIII\proyecto\proyecto_ambiente\Lib\site-packages\django\template\base.py", line 1005, in render
    return SafeString("".join([node.render_annotated(context) for node in self]))
                              ^^^^^^^^^^^^^^^^^^^^^^^^^^^^^^^^^^^^^^^^^^^^^^^^^
  File "C:\Users\jcrod\OneDrive\Desktop\Universidad\cuartoSemestre\LaboratorioSoftwareIII\proyecto\proyecto_ambiente\Lib\site-packages\django\template\base.py", line 1005, in <listcomp>
    return SafeString("".join([node.render_annotated(context) for node in self]))
                               ^^^^^^^^^^^^^^^^^^^^^^^^^^^^^^
  File "C:\Users\jcrod\OneDrive\Desktop\Universidad\cuartoSemestre\LaboratorioSoftwareIII\proyecto\proyecto_ambiente\Lib\site-packages\django\template\base.py", line 966, in render_annotated
    return self.render(context)
           ^^^^^^^^^^^^^^^^^^^^
  File "C:\Users\jcrod\OneDrive\Desktop\Universidad\cuartoSemestre\LaboratorioSoftwareIII\proyecto\proyecto_ambiente\Lib\site-packages\django\template\defaulttags.py", line 471, in render
    url = reverse(view_name, args=args, kwargs=kwargs, current_app=current_app)
          ^^^^^^^^^^^^^^^^^^^^^^^^^^^^^^^^^^^^^^^^^^^^^^^^^^^^^^^^^^^^^^^^^^^^^
  File "C:\Users\jcrod\OneDrive\Desktop\Universidad\cuartoSemestre\LaboratorioSoftwareIII\proyecto\proyecto_ambiente\Lib\site-packages\django\urls\base.py", line 88, in reverse
    return resolver._reverse_with_prefix(view, prefix, *args, **kwargs)
           ^^^^^^^^^^^^^^^^^^^^^^^^^^^^^^^^^^^^^^^^^^^^^^^^^^^^^^^^^^^^
  File "C:\Users\jcrod\OneDrive\Desktop\Universidad\cuartoSemestre\LaboratorioSoftwareIII\proyecto\proyecto_ambiente\Lib\site-packages\django\urls\resolvers.py", line 828, in _reverse_with_prefix
    raise NoReverseMatch(msg)
django.urls.exceptions.NoReverseMatch: Reverse for 'eliminarCliente' with no arguments not found. 1 pattern(s) tried: ['administrar/cliente/eliminar/(?P<pk>[0-9]+)\\Z']
Internal Server Error: /
Traceback (most recent call last):
  File "C:\Users\jcrod\OneDrive\Desktop\Universidad\cuartoSemestre\LaboratorioSoftwareIII\proyecto\proyecto_ambiente\Lib\site-packages\django\core\handlers\exception.py", line 55, in inner
    response = get_response(request)
               ^^^^^^^^^^^^^^^^^^^^^
  File "C:\Users\jcrod\OneDrive\Desktop\Universidad\cuartoSemestre\LaboratorioSoftwareIII\proyecto\proyecto_ambiente\Lib\site-packages\django\core\handlers\base.py", line 220, in _get_response
    response = response.render()
               ^^^^^^^^^^^^^^^^^
  File "C:\Users\jcrod\OneDrive\Desktop\Universidad\cuartoSemestre\LaboratorioSoftwareIII\proyecto\proyecto_ambiente\Lib\site-packages\django\template\response.py", line 111, in render
    self.content = self.rendered_content
                   ^^^^^^^^^^^^^^^^^^^^^
  File "C:\Users\jcrod\OneDrive\Desktop\Universidad\cuartoSemestre\LaboratorioSoftwareIII\proyecto\proyecto_ambiente\Lib\site-packages\django\template\response.py", line 89, in rendered_content
    return template.render(context, self._request)
           ^^^^^^^^^^^^^^^^^^^^^^^^^^^^^^^^^^^^^^^
  File "C:\Users\jcrod\OneDrive\Desktop\Universidad\cuartoSemestre\LaboratorioSoftwareIII\proyecto\proyecto_ambiente\Lib\site-packages\django\template\backends\django.py", line 61, in render
    return self.template.render(context)
           ^^^^^^^^^^^^^^^^^^^^^^^^^^^^^
  File "C:\Users\jcrod\OneDrive\Desktop\Universidad\cuartoSemestre\LaboratorioSoftwareIII\proyecto\proyecto_ambiente\Lib\site-packages\django\template\base.py", line 175, in render
    return self._render(context)
           ^^^^^^^^^^^^^^^^^^^^^
  File "C:\Users\jcrod\OneDrive\Desktop\Universidad\cuartoSemestre\LaboratorioSoftwareIII\proyecto\proyecto_ambiente\Lib\site-packages\django\template\base.py", line 167, in _render
    return self.nodelist.render(context)
           ^^^^^^^^^^^^^^^^^^^^^^^^^^^^^
  File "C:\Users\jcrod\OneDrive\Desktop\Universidad\cuartoSemestre\LaboratorioSoftwareIII\proyecto\proyecto_ambiente\Lib\site-packages\django\template\base.py", line 1005, in render
    return SafeString("".join([node.render_annotated(context) for node in self]))
                              ^^^^^^^^^^^^^^^^^^^^^^^^^^^^^^^^^^^^^^^^^^^^^^^^^
  File "C:\Users\jcrod\OneDrive\Desktop\Universidad\cuartoSemestre\LaboratorioSoftwareIII\proyecto\proyecto_ambiente\Lib\site-packages\django\template\base.py", line 1005, in <listcomp>
    return SafeString("".join([node.render_annotated(context) for node in self]))
                               ^^^^^^^^^^^^^^^^^^^^^^^^^^^^^^
  File "C:\Users\jcrod\OneDrive\Desktop\Universidad\cuartoSemestre\LaboratorioSoftwareIII\proyecto\proyecto_ambiente\Lib\site-packages\django\template\base.py", line 966, in render_annotated
    return self.render(context)
           ^^^^^^^^^^^^^^^^^^^^
  File "C:\Users\jcrod\OneDrive\Desktop\Universidad\cuartoSemestre\LaboratorioSoftwareIII\proyecto\proyecto_ambiente\Lib\site-packages\django\template\loader_tags.py", line 208, in render
    return template.render(context)
           ^^^^^^^^^^^^^^^^^^^^^^^^
  File "C:\Users\jcrod\OneDrive\Desktop\Universidad\cuartoSemestre\LaboratorioSoftwareIII\proyecto\proyecto_ambiente\Lib\site-packages\django\template\base.py", line 177, in render
    return self._render(context)
           ^^^^^^^^^^^^^^^^^^^^^
  File "C:\Users\jcrod\OneDrive\Desktop\Universidad\cuartoSemestre\LaboratorioSoftwareIII\proyecto\proyecto_ambiente\Lib\site-packages\django\template\base.py", line 167, in _render
    return self.nodelist.render(context)
           ^^^^^^^^^^^^^^^^^^^^^^^^^^^^^
  File "C:\Users\jcrod\OneDrive\Desktop\Universidad\cuartoSemestre\LaboratorioSoftwareIII\proyecto\proyecto_ambiente\Lib\site-packages\django\template\base.py", line 1005, in render
    return SafeString("".join([node.render_annotated(context) for node in self]))
                              ^^^^^^^^^^^^^^^^^^^^^^^^^^^^^^^^^^^^^^^^^^^^^^^^^
  File "C:\Users\jcrod\OneDrive\Desktop\Universidad\cuartoSemestre\LaboratorioSoftwareIII\proyecto\proyecto_ambiente\Lib\site-packages\django\template\base.py", line 1005, in <listcomp>
    return SafeString("".join([node.render_annotated(context) for node in self]))
                               ^^^^^^^^^^^^^^^^^^^^^^^^^^^^^^
  File "C:\Users\jcrod\OneDrive\Desktop\Universidad\cuartoSemestre\LaboratorioSoftwareIII\proyecto\proyecto_ambiente\Lib\site-packages\django\template\base.py", line 966, in render_annotated
    return self.render(context)
           ^^^^^^^^^^^^^^^^^^^^
  File "C:\Users\jcrod\OneDrive\Desktop\Universidad\cuartoSemestre\LaboratorioSoftwareIII\proyecto\proyecto_ambiente\Lib\site-packages\django\template\defaulttags.py", line 321, in render
    return nodelist.render(context)
           ^^^^^^^^^^^^^^^^^^^^^^^^
  File "C:\Users\jcrod\OneDrive\Desktop\Universidad\cuartoSemestre\LaboratorioSoftwareIII\proyecto\proyecto_ambiente\Lib\site-packages\django\template\base.py", line 1005, in render
    return SafeString("".join([node.render_annotated(context) for node in self]))
                              ^^^^^^^^^^^^^^^^^^^^^^^^^^^^^^^^^^^^^^^^^^^^^^^^^
  File "C:\Users\jcrod\OneDrive\Desktop\Universidad\cuartoSemestre\LaboratorioSoftwareIII\proyecto\proyecto_ambiente\Lib\site-packages\django\template\base.py", line 1005, in <listcomp>
    return SafeString("".join([node.render_annotated(context) for node in self]))
                               ^^^^^^^^^^^^^^^^^^^^^^^^^^^^^^
  File "C:\Users\jcrod\OneDrive\Desktop\Universidad\cuartoSemestre\LaboratorioSoftwareIII\proyecto\proyecto_ambiente\Lib\site-packages\django\template\base.py", line 966, in render_annotated
    return self.render(context)
           ^^^^^^^^^^^^^^^^^^^^
  File "C:\Users\jcrod\OneDrive\Desktop\Universidad\cuartoSemestre\LaboratorioSoftwareIII\proyecto\proyecto_ambiente\Lib\site-packages\django\template\defaulttags.py", line 471, in render
    url = reverse(view_name, args=args, kwargs=kwargs, current_app=current_app)
          ^^^^^^^^^^^^^^^^^^^^^^^^^^^^^^^^^^^^^^^^^^^^^^^^^^^^^^^^^^^^^^^^^^^^^
  File "C:\Users\jcrod\OneDrive\Desktop\Universidad\cuartoSemestre\LaboratorioSoftwareIII\proyecto\proyecto_ambiente\Lib\site-packages\django\urls\base.py", line 88, in reverse
    return resolver._reverse_with_prefix(view, prefix, *args, **kwargs)
           ^^^^^^^^^^^^^^^^^^^^^^^^^^^^^^^^^^^^^^^^^^^^^^^^^^^^^^^^^^^^
  File "C:\Users\jcrod\OneDrive\Desktop\Universidad\cuartoSemestre\LaboratorioSoftwareIII\proyecto\proyecto_ambiente\Lib\site-packages\django\urls\resolvers.py", line 828, in _reverse_with_prefix
    raise NoReverseMatch(msg)
django.urls.exceptions.NoReverseMatch: Reverse for 'logout' not found. 'logout' is not a valid view function or pattern name.
Internal Server Error: /
Traceback (most recent call last):
  File "C:\Users\jcrod\OneDrive\Desktop\Universidad\cuartoSemestre\LaboratorioSoftwareIII\proyecto\proyecto_ambiente\Lib\site-packages\django\core\handlers\exception.py", line 55, in inner
    response = get_response(request)
               ^^^^^^^^^^^^^^^^^^^^^
  File "C:\Users\jcrod\OneDrive\Desktop\Universidad\cuartoSemestre\LaboratorioSoftwareIII\proyecto\proyecto_ambiente\Lib\site-packages\django\core\handlers\base.py", line 220, in _get_response
    response = response.render()
               ^^^^^^^^^^^^^^^^^
  File "C:\Users\jcrod\OneDrive\Desktop\Universidad\cuartoSemestre\LaboratorioSoftwareIII\proyecto\proyecto_ambiente\Lib\site-packages\django\template\response.py", line 111, in render
    self.content = self.rendered_content
                   ^^^^^^^^^^^^^^^^^^^^^
  File "C:\Users\jcrod\OneDrive\Desktop\Universidad\cuartoSemestre\LaboratorioSoftwareIII\proyecto\proyecto_ambiente\Lib\site-packages\django\template\response.py", line 89, in rendered_content
    return template.render(context, self._request)
           ^^^^^^^^^^^^^^^^^^^^^^^^^^^^^^^^^^^^^^^
  File "C:\Users\jcrod\OneDrive\Desktop\Universidad\cuartoSemestre\LaboratorioSoftwareIII\proyecto\proyecto_ambiente\Lib\site-packages\django\template\backends\django.py", line 61, in render
    return self.template.render(context)
           ^^^^^^^^^^^^^^^^^^^^^^^^^^^^^
  File "C:\Users\jcrod\OneDrive\Desktop\Universidad\cuartoSemestre\LaboratorioSoftwareIII\proyecto\proyecto_ambiente\Lib\site-packages\django\template\base.py", line 175, in render
    return self._render(context)
           ^^^^^^^^^^^^^^^^^^^^^
  File "C:\Users\jcrod\OneDrive\Desktop\Universidad\cuartoSemestre\LaboratorioSoftwareIII\proyecto\proyecto_ambiente\Lib\site-packages\django\template\base.py", line 167, in _render
    return self.nodelist.render(context)
           ^^^^^^^^^^^^^^^^^^^^^^^^^^^^^
  File "C:\Users\jcrod\OneDrive\Desktop\Universidad\cuartoSemestre\LaboratorioSoftwareIII\proyecto\proyecto_ambiente\Lib\site-packages\django\template\base.py", line 1005, in render
    return SafeString("".join([node.render_annotated(context) for node in self]))
                              ^^^^^^^^^^^^^^^^^^^^^^^^^^^^^^^^^^^^^^^^^^^^^^^^^
  File "C:\Users\jcrod\OneDrive\Desktop\Universidad\cuartoSemestre\LaboratorioSoftwareIII\proyecto\proyecto_ambiente\Lib\site-packages\django\template\base.py", line 1005, in <listcomp>
    return SafeString("".join([node.render_annotated(context) for node in self]))
                               ^^^^^^^^^^^^^^^^^^^^^^^^^^^^^^
  File "C:\Users\jcrod\OneDrive\Desktop\Universidad\cuartoSemestre\LaboratorioSoftwareIII\proyecto\proyecto_ambiente\Lib\site-packages\django\template\base.py", line 966, in render_annotated
    return self.render(context)
           ^^^^^^^^^^^^^^^^^^^^
  File "C:\Users\jcrod\OneDrive\Desktop\Universidad\cuartoSemestre\LaboratorioSoftwareIII\proyecto\proyecto_ambiente\Lib\site-packages\django\template\loader_tags.py", line 208, in render
    return template.render(context)
           ^^^^^^^^^^^^^^^^^^^^^^^^
  File "C:\Users\jcrod\OneDrive\Desktop\Universidad\cuartoSemestre\LaboratorioSoftwareIII\proyecto\proyecto_ambiente\Lib\site-packages\django\template\base.py", line 177, in render
    return self._render(context)
           ^^^^^^^^^^^^^^^^^^^^^
  File "C:\Users\jcrod\OneDrive\Desktop\Universidad\cuartoSemestre\LaboratorioSoftwareIII\proyecto\proyecto_ambiente\Lib\site-packages\django\template\base.py", line 167, in _render
    return self.nodelist.render(context)
           ^^^^^^^^^^^^^^^^^^^^^^^^^^^^^
  File "C:\Users\jcrod\OneDrive\Desktop\Universidad\cuartoSemestre\LaboratorioSoftwareIII\proyecto\proyecto_ambiente\Lib\site-packages\django\template\base.py", line 1005, in render
    return SafeString("".join([node.render_annotated(context) for node in self]))
                              ^^^^^^^^^^^^^^^^^^^^^^^^^^^^^^^^^^^^^^^^^^^^^^^^^
  File "C:\Users\jcrod\OneDrive\Desktop\Universidad\cuartoSemestre\LaboratorioSoftwareIII\proyecto\proyecto_ambiente\Lib\site-packages\django\template\base.py", line 1005, in <listcomp>
    return SafeString("".join([node.render_annotated(context) for node in self]))
                               ^^^^^^^^^^^^^^^^^^^^^^^^^^^^^^
  File "C:\Users\jcrod\OneDrive\Desktop\Universidad\cuartoSemestre\LaboratorioSoftwareIII\proyecto\proyecto_ambiente\Lib\site-packages\django\template\base.py", line 966, in render_annotated
    return self.render(context)
           ^^^^^^^^^^^^^^^^^^^^
  File "C:\Users\jcrod\OneDrive\Desktop\Universidad\cuartoSemestre\LaboratorioSoftwareIII\proyecto\proyecto_ambiente\Lib\site-packages\django\template\defaulttags.py", line 321, in render
    return nodelist.render(context)
           ^^^^^^^^^^^^^^^^^^^^^^^^
  File "C:\Users\jcrod\OneDrive\Desktop\Universidad\cuartoSemestre\LaboratorioSoftwareIII\proyecto\proyecto_ambiente\Lib\site-packages\django\template\base.py", line 1005, in render
    return SafeString("".join([node.render_annotated(context) for node in self]))
                              ^^^^^^^^^^^^^^^^^^^^^^^^^^^^^^^^^^^^^^^^^^^^^^^^^
  File "C:\Users\jcrod\OneDrive\Desktop\Universidad\cuartoSemestre\LaboratorioSoftwareIII\proyecto\proyecto_ambiente\Lib\site-packages\django\template\base.py", line 1005, in <listcomp>
    return SafeString("".join([node.render_annotated(context) for node in self]))
                               ^^^^^^^^^^^^^^^^^^^^^^^^^^^^^^
  File "C:\Users\jcrod\OneDrive\Desktop\Universidad\cuartoSemestre\LaboratorioSoftwareIII\proyecto\proyecto_ambiente\Lib\site-packages\django\template\base.py", line 966, in render_annotated
    return self.render(context)
           ^^^^^^^^^^^^^^^^^^^^
  File "C:\Users\jcrod\OneDrive\Desktop\Universidad\cuartoSemestre\LaboratorioSoftwareIII\proyecto\proyecto_ambiente\Lib\site-packages\django\template\defaulttags.py", line 471, in render
    url = reverse(view_name, args=args, kwargs=kwargs, current_app=current_app)
          ^^^^^^^^^^^^^^^^^^^^^^^^^^^^^^^^^^^^^^^^^^^^^^^^^^^^^^^^^^^^^^^^^^^^^
  File "C:\Users\jcrod\OneDrive\Desktop\Universidad\cuartoSemestre\LaboratorioSoftwareIII\proyecto\proyecto_ambiente\Lib\site-packages\django\urls\base.py", line 88, in reverse
    return resolver._reverse_with_prefix(view, prefix, *args, **kwargs)
           ^^^^^^^^^^^^^^^^^^^^^^^^^^^^^^^^^^^^^^^^^^^^^^^^^^^^^^^^^^^^
  File "C:\Users\jcrod\OneDrive\Desktop\Universidad\cuartoSemestre\LaboratorioSoftwareIII\proyecto\proyecto_ambiente\Lib\site-packages\django\urls\resolvers.py", line 828, in _reverse_with_prefix
    raise NoReverseMatch(msg)
django.urls.exceptions.NoReverseMatch: Reverse for 'logout' not found. 'logout' is not a valid view function or pattern name.
Internal Server Error: /
Traceback (most recent call last):
  File "C:\Users\jcrod\OneDrive\Desktop\Universidad\cuartoSemestre\LaboratorioSoftwareIII\proyecto\proyecto_ambiente\Lib\site-packages\django\core\handlers\exception.py", line 55, in inner
    response = get_response(request)
               ^^^^^^^^^^^^^^^^^^^^^
  File "C:\Users\jcrod\OneDrive\Desktop\Universidad\cuartoSemestre\LaboratorioSoftwareIII\proyecto\proyecto_ambiente\Lib\site-packages\django\core\handlers\base.py", line 220, in _get_response
    response = response.render()
               ^^^^^^^^^^^^^^^^^
  File "C:\Users\jcrod\OneDrive\Desktop\Universidad\cuartoSemestre\LaboratorioSoftwareIII\proyecto\proyecto_ambiente\Lib\site-packages\django\template\response.py", line 111, in render
    self.content = self.rendered_content
                   ^^^^^^^^^^^^^^^^^^^^^
  File "C:\Users\jcrod\OneDrive\Desktop\Universidad\cuartoSemestre\LaboratorioSoftwareIII\proyecto\proyecto_ambiente\Lib\site-packages\django\template\response.py", line 89, in rendered_content
    return template.render(context, self._request)
           ^^^^^^^^^^^^^^^^^^^^^^^^^^^^^^^^^^^^^^^
  File "C:\Users\jcrod\OneDrive\Desktop\Universidad\cuartoSemestre\LaboratorioSoftwareIII\proyecto\proyecto_ambiente\Lib\site-packages\django\template\backends\django.py", line 61, in render
    return self.template.render(context)
           ^^^^^^^^^^^^^^^^^^^^^^^^^^^^^
  File "C:\Users\jcrod\OneDrive\Desktop\Universidad\cuartoSemestre\LaboratorioSoftwareIII\proyecto\proyecto_ambiente\Lib\site-packages\django\template\base.py", line 175, in render
    return self._render(context)
           ^^^^^^^^^^^^^^^^^^^^^
  File "C:\Users\jcrod\OneDrive\Desktop\Universidad\cuartoSemestre\LaboratorioSoftwareIII\proyecto\proyecto_ambiente\Lib\site-packages\django\template\base.py", line 167, in _render
    return self.nodelist.render(context)
           ^^^^^^^^^^^^^^^^^^^^^^^^^^^^^
  File "C:\Users\jcrod\OneDrive\Desktop\Universidad\cuartoSemestre\LaboratorioSoftwareIII\proyecto\proyecto_ambiente\Lib\site-packages\django\template\base.py", line 1005, in render
    return SafeString("".join([node.render_annotated(context) for node in self]))
                              ^^^^^^^^^^^^^^^^^^^^^^^^^^^^^^^^^^^^^^^^^^^^^^^^^
  File "C:\Users\jcrod\OneDrive\Desktop\Universidad\cuartoSemestre\LaboratorioSoftwareIII\proyecto\proyecto_ambiente\Lib\site-packages\django\template\base.py", line 1005, in <listcomp>
    return SafeString("".join([node.render_annotated(context) for node in self]))
                               ^^^^^^^^^^^^^^^^^^^^^^^^^^^^^^
  File "C:\Users\jcrod\OneDrive\Desktop\Universidad\cuartoSemestre\LaboratorioSoftwareIII\proyecto\proyecto_ambiente\Lib\site-packages\django\template\base.py", line 966, in render_annotated
    return self.render(context)
           ^^^^^^^^^^^^^^^^^^^^
  File "C:\Users\jcrod\OneDrive\Desktop\Universidad\cuartoSemestre\LaboratorioSoftwareIII\proyecto\proyecto_ambiente\Lib\site-packages\django\template\loader_tags.py", line 208, in render
    return template.render(context)
           ^^^^^^^^^^^^^^^^^^^^^^^^
  File "C:\Users\jcrod\OneDrive\Desktop\Universidad\cuartoSemestre\LaboratorioSoftwareIII\proyecto\proyecto_ambiente\Lib\site-packages\django\template\base.py", line 177, in render
    return self._render(context)
           ^^^^^^^^^^^^^^^^^^^^^
  File "C:\Users\jcrod\OneDrive\Desktop\Universidad\cuartoSemestre\LaboratorioSoftwareIII\proyecto\proyecto_ambiente\Lib\site-packages\django\template\base.py", line 167, in _render
    return self.nodelist.render(context)
           ^^^^^^^^^^^^^^^^^^^^^^^^^^^^^
  File "C:\Users\jcrod\OneDrive\Desktop\Universidad\cuartoSemestre\LaboratorioSoftwareIII\proyecto\proyecto_ambiente\Lib\site-packages\django\template\base.py", line 1005, in render
    return SafeString("".join([node.render_annotated(context) for node in self]))
                              ^^^^^^^^^^^^^^^^^^^^^^^^^^^^^^^^^^^^^^^^^^^^^^^^^
  File "C:\Users\jcrod\OneDrive\Desktop\Universidad\cuartoSemestre\LaboratorioSoftwareIII\proyecto\proyecto_ambiente\Lib\site-packages\django\template\base.py", line 1005, in <listcomp>
    return SafeString("".join([node.render_annotated(context) for node in self]))
                               ^^^^^^^^^^^^^^^^^^^^^^^^^^^^^^
  File "C:\Users\jcrod\OneDrive\Desktop\Universidad\cuartoSemestre\LaboratorioSoftwareIII\proyecto\proyecto_ambiente\Lib\site-packages\django\template\base.py", line 966, in render_annotated
    return self.render(context)
           ^^^^^^^^^^^^^^^^^^^^
  File "C:\Users\jcrod\OneDrive\Desktop\Universidad\cuartoSemestre\LaboratorioSoftwareIII\proyecto\proyecto_ambiente\Lib\site-packages\django\template\defaulttags.py", line 321, in render
    return nodelist.render(context)
           ^^^^^^^^^^^^^^^^^^^^^^^^
  File "C:\Users\jcrod\OneDrive\Desktop\Universidad\cuartoSemestre\LaboratorioSoftwareIII\proyecto\proyecto_ambiente\Lib\site-packages\django\template\base.py", line 1005, in render
    return SafeString("".join([node.render_annotated(context) for node in self]))
                              ^^^^^^^^^^^^^^^^^^^^^^^^^^^^^^^^^^^^^^^^^^^^^^^^^
  File "C:\Users\jcrod\OneDrive\Desktop\Universidad\cuartoSemestre\LaboratorioSoftwareIII\proyecto\proyecto_ambiente\Lib\site-packages\django\template\base.py", line 1005, in <listcomp>
    return SafeString("".join([node.render_annotated(context) for node in self]))
                               ^^^^^^^^^^^^^^^^^^^^^^^^^^^^^^
  File "C:\Users\jcrod\OneDrive\Desktop\Universidad\cuartoSemestre\LaboratorioSoftwareIII\proyecto\proyecto_ambiente\Lib\site-packages\django\template\base.py", line 966, in render_annotated
    return self.render(context)
           ^^^^^^^^^^^^^^^^^^^^
  File "C:\Users\jcrod\OneDrive\Desktop\Universidad\cuartoSemestre\LaboratorioSoftwareIII\proyecto\proyecto_ambiente\Lib\site-packages\django\template\defaulttags.py", line 471, in render
    url = reverse(view_name, args=args, kwargs=kwargs, current_app=current_app)
          ^^^^^^^^^^^^^^^^^^^^^^^^^^^^^^^^^^^^^^^^^^^^^^^^^^^^^^^^^^^^^^^^^^^^^
  File "C:\Users\jcrod\OneDrive\Desktop\Universidad\cuartoSemestre\LaboratorioSoftwareIII\proyecto\proyecto_ambiente\Lib\site-packages\django\urls\base.py", line 88, in reverse
    return resolver._reverse_with_prefix(view, prefix, *args, **kwargs)
           ^^^^^^^^^^^^^^^^^^^^^^^^^^^^^^^^^^^^^^^^^^^^^^^^^^^^^^^^^^^^
  File "C:\Users\jcrod\OneDrive\Desktop\Universidad\cuartoSemestre\LaboratorioSoftwareIII\proyecto\proyecto_ambiente\Lib\site-packages\django\urls\resolvers.py", line 828, in _reverse_with_prefix
    raise NoReverseMatch(msg)
django.urls.exceptions.NoReverseMatch: Reverse for 'logout' not found. 'logout' is not a valid view function or pattern name.
Internal Server Error: /
Traceback (most recent call last):
  File "C:\Users\jcrod\OneDrive\Desktop\Universidad\cuartoSemestre\LaboratorioSoftwareIII\proyecto\proyecto_ambiente\Lib\site-packages\django\core\handlers\exception.py", line 55, in inner
    response = get_response(request)
               ^^^^^^^^^^^^^^^^^^^^^
  File "C:\Users\jcrod\OneDrive\Desktop\Universidad\cuartoSemestre\LaboratorioSoftwareIII\proyecto\proyecto_ambiente\Lib\site-packages\django\core\handlers\base.py", line 220, in _get_response
    response = response.render()
               ^^^^^^^^^^^^^^^^^
  File "C:\Users\jcrod\OneDrive\Desktop\Universidad\cuartoSemestre\LaboratorioSoftwareIII\proyecto\proyecto_ambiente\Lib\site-packages\django\template\response.py", line 111, in render
    self.content = self.rendered_content
                   ^^^^^^^^^^^^^^^^^^^^^
  File "C:\Users\jcrod\OneDrive\Desktop\Universidad\cuartoSemestre\LaboratorioSoftwareIII\proyecto\proyecto_ambiente\Lib\site-packages\django\template\response.py", line 89, in rendered_content
    return template.render(context, self._request)
           ^^^^^^^^^^^^^^^^^^^^^^^^^^^^^^^^^^^^^^^
  File "C:\Users\jcrod\OneDrive\Desktop\Universidad\cuartoSemestre\LaboratorioSoftwareIII\proyecto\proyecto_ambiente\Lib\site-packages\django\template\backends\django.py", line 61, in render
    return self.template.render(context)
           ^^^^^^^^^^^^^^^^^^^^^^^^^^^^^
  File "C:\Users\jcrod\OneDrive\Desktop\Universidad\cuartoSemestre\LaboratorioSoftwareIII\proyecto\proyecto_ambiente\Lib\site-packages\django\template\base.py", line 175, in render
    return self._render(context)
           ^^^^^^^^^^^^^^^^^^^^^
  File "C:\Users\jcrod\OneDrive\Desktop\Universidad\cuartoSemestre\LaboratorioSoftwareIII\proyecto\proyecto_ambiente\Lib\site-packages\django\template\base.py", line 167, in _render
    return self.nodelist.render(context)
           ^^^^^^^^^^^^^^^^^^^^^^^^^^^^^
  File "C:\Users\jcrod\OneDrive\Desktop\Universidad\cuartoSemestre\LaboratorioSoftwareIII\proyecto\proyecto_ambiente\Lib\site-packages\django\template\base.py", line 1005, in render
    return SafeString("".join([node.render_annotated(context) for node in self]))
                              ^^^^^^^^^^^^^^^^^^^^^^^^^^^^^^^^^^^^^^^^^^^^^^^^^
  File "C:\Users\jcrod\OneDrive\Desktop\Universidad\cuartoSemestre\LaboratorioSoftwareIII\proyecto\proyecto_ambiente\Lib\site-packages\django\template\base.py", line 1005, in <listcomp>
    return SafeString("".join([node.render_annotated(context) for node in self]))
                               ^^^^^^^^^^^^^^^^^^^^^^^^^^^^^^
  File "C:\Users\jcrod\OneDrive\Desktop\Universidad\cuartoSemestre\LaboratorioSoftwareIII\proyecto\proyecto_ambiente\Lib\site-packages\django\template\base.py", line 966, in render_annotated
    return self.render(context)
           ^^^^^^^^^^^^^^^^^^^^
  File "C:\Users\jcrod\OneDrive\Desktop\Universidad\cuartoSemestre\LaboratorioSoftwareIII\proyecto\proyecto_ambiente\Lib\site-packages\django\template\loader_tags.py", line 208, in render
    return template.render(context)
           ^^^^^^^^^^^^^^^^^^^^^^^^
  File "C:\Users\jcrod\OneDrive\Desktop\Universidad\cuartoSemestre\LaboratorioSoftwareIII\proyecto\proyecto_ambiente\Lib\site-packages\django\template\base.py", line 177, in render
    return self._render(context)
           ^^^^^^^^^^^^^^^^^^^^^
  File "C:\Users\jcrod\OneDrive\Desktop\Universidad\cuartoSemestre\LaboratorioSoftwareIII\proyecto\proyecto_ambiente\Lib\site-packages\django\template\base.py", line 167, in _render
    return self.nodelist.render(context)
           ^^^^^^^^^^^^^^^^^^^^^^^^^^^^^
  File "C:\Users\jcrod\OneDrive\Desktop\Universidad\cuartoSemestre\LaboratorioSoftwareIII\proyecto\proyecto_ambiente\Lib\site-packages\django\template\base.py", line 1005, in render
    return SafeString("".join([node.render_annotated(context) for node in self]))
                              ^^^^^^^^^^^^^^^^^^^^^^^^^^^^^^^^^^^^^^^^^^^^^^^^^
  File "C:\Users\jcrod\OneDrive\Desktop\Universidad\cuartoSemestre\LaboratorioSoftwareIII\proyecto\proyecto_ambiente\Lib\site-packages\django\template\base.py", line 1005, in <listcomp>
    return SafeString("".join([node.render_annotated(context) for node in self]))
                               ^^^^^^^^^^^^^^^^^^^^^^^^^^^^^^
  File "C:\Users\jcrod\OneDrive\Desktop\Universidad\cuartoSemestre\LaboratorioSoftwareIII\proyecto\proyecto_ambiente\Lib\site-packages\django\template\base.py", line 966, in render_annotated
    return self.render(context)
           ^^^^^^^^^^^^^^^^^^^^
  File "C:\Users\jcrod\OneDrive\Desktop\Universidad\cuartoSemestre\LaboratorioSoftwareIII\proyecto\proyecto_ambiente\Lib\site-packages\django\template\defaulttags.py", line 321, in render
    return nodelist.render(context)
           ^^^^^^^^^^^^^^^^^^^^^^^^
  File "C:\Users\jcrod\OneDrive\Desktop\Universidad\cuartoSemestre\LaboratorioSoftwareIII\proyecto\proyecto_ambiente\Lib\site-packages\django\template\base.py", line 1005, in render
    return SafeString("".join([node.render_annotated(context) for node in self]))
                              ^^^^^^^^^^^^^^^^^^^^^^^^^^^^^^^^^^^^^^^^^^^^^^^^^
  File "C:\Users\jcrod\OneDrive\Desktop\Universidad\cuartoSemestre\LaboratorioSoftwareIII\proyecto\proyecto_ambiente\Lib\site-packages\django\template\base.py", line 1005, in <listcomp>
    return SafeString("".join([node.render_annotated(context) for node in self]))
                               ^^^^^^^^^^^^^^^^^^^^^^^^^^^^^^
  File "C:\Users\jcrod\OneDrive\Desktop\Universidad\cuartoSemestre\LaboratorioSoftwareIII\proyecto\proyecto_ambiente\Lib\site-packages\django\template\base.py", line 966, in render_annotated
    return self.render(context)
           ^^^^^^^^^^^^^^^^^^^^
  File "C:\Users\jcrod\OneDrive\Desktop\Universidad\cuartoSemestre\LaboratorioSoftwareIII\proyecto\proyecto_ambiente\Lib\site-packages\django\template\defaulttags.py", line 471, in render
    url = reverse(view_name, args=args, kwargs=kwargs, current_app=current_app)
          ^^^^^^^^^^^^^^^^^^^^^^^^^^^^^^^^^^^^^^^^^^^^^^^^^^^^^^^^^^^^^^^^^^^^^
  File "C:\Users\jcrod\OneDrive\Desktop\Universidad\cuartoSemestre\LaboratorioSoftwareIII\proyecto\proyecto_ambiente\Lib\site-packages\django\urls\base.py", line 88, in reverse
    return resolver._reverse_with_prefix(view, prefix, *args, **kwargs)
           ^^^^^^^^^^^^^^^^^^^^^^^^^^^^^^^^^^^^^^^^^^^^^^^^^^^^^^^^^^^^
  File "C:\Users\jcrod\OneDrive\Desktop\Universidad\cuartoSemestre\LaboratorioSoftwareIII\proyecto\proyecto_ambiente\Lib\site-packages\django\urls\resolvers.py", line 828, in _reverse_with_prefix
    raise NoReverseMatch(msg)
django.urls.exceptions.NoReverseMatch: Reverse for 'logout' not found. 'logout' is not a valid view function or pattern name.
Internal Server Error: /
Traceback (most recent call last):
  File "C:\Users\jcrod\OneDrive\Desktop\Universidad\cuartoSemestre\LaboratorioSoftwareIII\proyecto\proyecto_ambiente\Lib\site-packages\django\core\handlers\exception.py", line 55, in inner
    response = get_response(request)
               ^^^^^^^^^^^^^^^^^^^^^
  File "C:\Users\jcrod\OneDrive\Desktop\Universidad\cuartoSemestre\LaboratorioSoftwareIII\proyecto\proyecto_ambiente\Lib\site-packages\django\core\handlers\base.py", line 220, in _get_response
    response = response.render()
               ^^^^^^^^^^^^^^^^^
  File "C:\Users\jcrod\OneDrive\Desktop\Universidad\cuartoSemestre\LaboratorioSoftwareIII\proyecto\proyecto_ambiente\Lib\site-packages\django\template\response.py", line 111, in render
    self.content = self.rendered_content
                   ^^^^^^^^^^^^^^^^^^^^^
  File "C:\Users\jcrod\OneDrive\Desktop\Universidad\cuartoSemestre\LaboratorioSoftwareIII\proyecto\proyecto_ambiente\Lib\site-packages\django\template\response.py", line 89, in rendered_content
    return template.render(context, self._request)
           ^^^^^^^^^^^^^^^^^^^^^^^^^^^^^^^^^^^^^^^
  File "C:\Users\jcrod\OneDrive\Desktop\Universidad\cuartoSemestre\LaboratorioSoftwareIII\proyecto\proyecto_ambiente\Lib\site-packages\django\template\backends\django.py", line 61, in render
    return self.template.render(context)
           ^^^^^^^^^^^^^^^^^^^^^^^^^^^^^
  File "C:\Users\jcrod\OneDrive\Desktop\Universidad\cuartoSemestre\LaboratorioSoftwareIII\proyecto\proyecto_ambiente\Lib\site-packages\django\template\base.py", line 175, in render
    return self._render(context)
           ^^^^^^^^^^^^^^^^^^^^^
  File "C:\Users\jcrod\OneDrive\Desktop\Universidad\cuartoSemestre\LaboratorioSoftwareIII\proyecto\proyecto_ambiente\Lib\site-packages\django\template\base.py", line 167, in _render
    return self.nodelist.render(context)
           ^^^^^^^^^^^^^^^^^^^^^^^^^^^^^
  File "C:\Users\jcrod\OneDrive\Desktop\Universidad\cuartoSemestre\LaboratorioSoftwareIII\proyecto\proyecto_ambiente\Lib\site-packages\django\template\base.py", line 1005, in render
    return SafeString("".join([node.render_annotated(context) for node in self]))
                              ^^^^^^^^^^^^^^^^^^^^^^^^^^^^^^^^^^^^^^^^^^^^^^^^^
  File "C:\Users\jcrod\OneDrive\Desktop\Universidad\cuartoSemestre\LaboratorioSoftwareIII\proyecto\proyecto_ambiente\Lib\site-packages\django\template\base.py", line 1005, in <listcomp>
    return SafeString("".join([node.render_annotated(context) for node in self]))
                               ^^^^^^^^^^^^^^^^^^^^^^^^^^^^^^
  File "C:\Users\jcrod\OneDrive\Desktop\Universidad\cuartoSemestre\LaboratorioSoftwareIII\proyecto\proyecto_ambiente\Lib\site-packages\django\template\base.py", line 966, in render_annotated
    return self.render(context)
           ^^^^^^^^^^^^^^^^^^^^
  File "C:\Users\jcrod\OneDrive\Desktop\Universidad\cuartoSemestre\LaboratorioSoftwareIII\proyecto\proyecto_ambiente\Lib\site-packages\django\template\loader_tags.py", line 208, in render
    return template.render(context)
           ^^^^^^^^^^^^^^^^^^^^^^^^
  File "C:\Users\jcrod\OneDrive\Desktop\Universidad\cuartoSemestre\LaboratorioSoftwareIII\proyecto\proyecto_ambiente\Lib\site-packages\django\template\base.py", line 177, in render
    return self._render(context)
           ^^^^^^^^^^^^^^^^^^^^^
  File "C:\Users\jcrod\OneDrive\Desktop\Universidad\cuartoSemestre\LaboratorioSoftwareIII\proyecto\proyecto_ambiente\Lib\site-packages\django\template\base.py", line 167, in _render
    return self.nodelist.render(context)
           ^^^^^^^^^^^^^^^^^^^^^^^^^^^^^
  File "C:\Users\jcrod\OneDrive\Desktop\Universidad\cuartoSemestre\LaboratorioSoftwareIII\proyecto\proyecto_ambiente\Lib\site-packages\django\template\base.py", line 1005, in render
    return SafeString("".join([node.render_annotated(context) for node in self]))
                              ^^^^^^^^^^^^^^^^^^^^^^^^^^^^^^^^^^^^^^^^^^^^^^^^^
  File "C:\Users\jcrod\OneDrive\Desktop\Universidad\cuartoSemestre\LaboratorioSoftwareIII\proyecto\proyecto_ambiente\Lib\site-packages\django\template\base.py", line 1005, in <listcomp>
    return SafeString("".join([node.render_annotated(context) for node in self]))
                               ^^^^^^^^^^^^^^^^^^^^^^^^^^^^^^
  File "C:\Users\jcrod\OneDrive\Desktop\Universidad\cuartoSemestre\LaboratorioSoftwareIII\proyecto\proyecto_ambiente\Lib\site-packages\django\template\base.py", line 966, in render_annotated
    return self.render(context)
           ^^^^^^^^^^^^^^^^^^^^
  File "C:\Users\jcrod\OneDrive\Desktop\Universidad\cuartoSemestre\LaboratorioSoftwareIII\proyecto\proyecto_ambiente\Lib\site-packages\django\template\defaulttags.py", line 321, in render
    return nodelist.render(context)
           ^^^^^^^^^^^^^^^^^^^^^^^^
  File "C:\Users\jcrod\OneDrive\Desktop\Universidad\cuartoSemestre\LaboratorioSoftwareIII\proyecto\proyecto_ambiente\Lib\site-packages\django\template\base.py", line 1005, in render
    return SafeString("".join([node.render_annotated(context) for node in self]))
                              ^^^^^^^^^^^^^^^^^^^^^^^^^^^^^^^^^^^^^^^^^^^^^^^^^
  File "C:\Users\jcrod\OneDrive\Desktop\Universidad\cuartoSemestre\LaboratorioSoftwareIII\proyecto\proyecto_ambiente\Lib\site-packages\django\template\base.py", line 1005, in <listcomp>
    return SafeString("".join([node.render_annotated(context) for node in self]))
                               ^^^^^^^^^^^^^^^^^^^^^^^^^^^^^^
  File "C:\Users\jcrod\OneDrive\Desktop\Universidad\cuartoSemestre\LaboratorioSoftwareIII\proyecto\proyecto_ambiente\Lib\site-packages\django\template\base.py", line 966, in render_annotated
    return self.render(context)
           ^^^^^^^^^^^^^^^^^^^^
  File "C:\Users\jcrod\OneDrive\Desktop\Universidad\cuartoSemestre\LaboratorioSoftwareIII\proyecto\proyecto_ambiente\Lib\site-packages\django\template\defaulttags.py", line 471, in render
    url = reverse(view_name, args=args, kwargs=kwargs, current_app=current_app)
          ^^^^^^^^^^^^^^^^^^^^^^^^^^^^^^^^^^^^^^^^^^^^^^^^^^^^^^^^^^^^^^^^^^^^^
  File "C:\Users\jcrod\OneDrive\Desktop\Universidad\cuartoSemestre\LaboratorioSoftwareIII\proyecto\proyecto_ambiente\Lib\site-packages\django\urls\base.py", line 88, in reverse
    return resolver._reverse_with_prefix(view, prefix, *args, **kwargs)
           ^^^^^^^^^^^^^^^^^^^^^^^^^^^^^^^^^^^^^^^^^^^^^^^^^^^^^^^^^^^^
  File "C:\Users\jcrod\OneDrive\Desktop\Universidad\cuartoSemestre\LaboratorioSoftwareIII\proyecto\proyecto_ambiente\Lib\site-packages\django\urls\resolvers.py", line 828, in _reverse_with_prefix
    raise NoReverseMatch(msg)
django.urls.exceptions.NoReverseMatch: Reverse for 'logout' not found. 'logout' is not a valid view function or pattern name.
Internal Server Error: /
Traceback (most recent call last):
  File "C:\Users\jcrod\OneDrive\Desktop\Universidad\cuartoSemestre\LaboratorioSoftwareIII\proyecto\proyecto_ambiente\Lib\site-packages\django\core\handlers\exception.py", line 55, in inner
    response = get_response(request)
               ^^^^^^^^^^^^^^^^^^^^^
  File "C:\Users\jcrod\OneDrive\Desktop\Universidad\cuartoSemestre\LaboratorioSoftwareIII\proyecto\proyecto_ambiente\Lib\site-packages\django\core\handlers\base.py", line 220, in _get_response
    response = response.render()
               ^^^^^^^^^^^^^^^^^
  File "C:\Users\jcrod\OneDrive\Desktop\Universidad\cuartoSemestre\LaboratorioSoftwareIII\proyecto\proyecto_ambiente\Lib\site-packages\django\template\response.py", line 111, in render
    self.content = self.rendered_content
                   ^^^^^^^^^^^^^^^^^^^^^
  File "C:\Users\jcrod\OneDrive\Desktop\Universidad\cuartoSemestre\LaboratorioSoftwareIII\proyecto\proyecto_ambiente\Lib\site-packages\django\template\response.py", line 89, in rendered_content
    return template.render(context, self._request)
           ^^^^^^^^^^^^^^^^^^^^^^^^^^^^^^^^^^^^^^^
  File "C:\Users\jcrod\OneDrive\Desktop\Universidad\cuartoSemestre\LaboratorioSoftwareIII\proyecto\proyecto_ambiente\Lib\site-packages\django\template\backends\django.py", line 61, in render
    return self.template.render(context)
           ^^^^^^^^^^^^^^^^^^^^^^^^^^^^^
  File "C:\Users\jcrod\OneDrive\Desktop\Universidad\cuartoSemestre\LaboratorioSoftwareIII\proyecto\proyecto_ambiente\Lib\site-packages\django\template\base.py", line 175, in render
    return self._render(context)
           ^^^^^^^^^^^^^^^^^^^^^
  File "C:\Users\jcrod\OneDrive\Desktop\Universidad\cuartoSemestre\LaboratorioSoftwareIII\proyecto\proyecto_ambiente\Lib\site-packages\django\template\base.py", line 167, in _render
    return self.nodelist.render(context)
           ^^^^^^^^^^^^^^^^^^^^^^^^^^^^^
  File "C:\Users\jcrod\OneDrive\Desktop\Universidad\cuartoSemestre\LaboratorioSoftwareIII\proyecto\proyecto_ambiente\Lib\site-packages\django\template\base.py", line 1005, in render
    return SafeString("".join([node.render_annotated(context) for node in self]))
                              ^^^^^^^^^^^^^^^^^^^^^^^^^^^^^^^^^^^^^^^^^^^^^^^^^
  File "C:\Users\jcrod\OneDrive\Desktop\Universidad\cuartoSemestre\LaboratorioSoftwareIII\proyecto\proyecto_ambiente\Lib\site-packages\django\template\base.py", line 1005, in <listcomp>
    return SafeString("".join([node.render_annotated(context) for node in self]))
                               ^^^^^^^^^^^^^^^^^^^^^^^^^^^^^^
  File "C:\Users\jcrod\OneDrive\Desktop\Universidad\cuartoSemestre\LaboratorioSoftwareIII\proyecto\proyecto_ambiente\Lib\site-packages\django\template\base.py", line 966, in render_annotated
    return self.render(context)
           ^^^^^^^^^^^^^^^^^^^^
  File "C:\Users\jcrod\OneDrive\Desktop\Universidad\cuartoSemestre\LaboratorioSoftwareIII\proyecto\proyecto_ambiente\Lib\site-packages\django\template\loader_tags.py", line 208, in render
    return template.render(context)
           ^^^^^^^^^^^^^^^^^^^^^^^^
  File "C:\Users\jcrod\OneDrive\Desktop\Universidad\cuartoSemestre\LaboratorioSoftwareIII\proyecto\proyecto_ambiente\Lib\site-packages\django\template\base.py", line 177, in render
    return self._render(context)
           ^^^^^^^^^^^^^^^^^^^^^
  File "C:\Users\jcrod\OneDrive\Desktop\Universidad\cuartoSemestre\LaboratorioSoftwareIII\proyecto\proyecto_ambiente\Lib\site-packages\django\template\base.py", line 167, in _render
    return self.nodelist.render(context)
           ^^^^^^^^^^^^^^^^^^^^^^^^^^^^^
  File "C:\Users\jcrod\OneDrive\Desktop\Universidad\cuartoSemestre\LaboratorioSoftwareIII\proyecto\proyecto_ambiente\Lib\site-packages\django\template\base.py", line 1005, in render
    return SafeString("".join([node.render_annotated(context) for node in self]))
                              ^^^^^^^^^^^^^^^^^^^^^^^^^^^^^^^^^^^^^^^^^^^^^^^^^
  File "C:\Users\jcrod\OneDrive\Desktop\Universidad\cuartoSemestre\LaboratorioSoftwareIII\proyecto\proyecto_ambiente\Lib\site-packages\django\template\base.py", line 1005, in <listcomp>
    return SafeString("".join([node.render_annotated(context) for node in self]))
                               ^^^^^^^^^^^^^^^^^^^^^^^^^^^^^^
  File "C:\Users\jcrod\OneDrive\Desktop\Universidad\cuartoSemestre\LaboratorioSoftwareIII\proyecto\proyecto_ambiente\Lib\site-packages\django\template\base.py", line 966, in render_annotated
    return self.render(context)
           ^^^^^^^^^^^^^^^^^^^^
  File "C:\Users\jcrod\OneDrive\Desktop\Universidad\cuartoSemestre\LaboratorioSoftwareIII\proyecto\proyecto_ambiente\Lib\site-packages\django\template\defaulttags.py", line 321, in render
    return nodelist.render(context)
           ^^^^^^^^^^^^^^^^^^^^^^^^
  File "C:\Users\jcrod\OneDrive\Desktop\Universidad\cuartoSemestre\LaboratorioSoftwareIII\proyecto\proyecto_ambiente\Lib\site-packages\django\template\base.py", line 1005, in render
    return SafeString("".join([node.render_annotated(context) for node in self]))
                              ^^^^^^^^^^^^^^^^^^^^^^^^^^^^^^^^^^^^^^^^^^^^^^^^^
  File "C:\Users\jcrod\OneDrive\Desktop\Universidad\cuartoSemestre\LaboratorioSoftwareIII\proyecto\proyecto_ambiente\Lib\site-packages\django\template\base.py", line 1005, in <listcomp>
    return SafeString("".join([node.render_annotated(context) for node in self]))
                               ^^^^^^^^^^^^^^^^^^^^^^^^^^^^^^
  File "C:\Users\jcrod\OneDrive\Desktop\Universidad\cuartoSemestre\LaboratorioSoftwareIII\proyecto\proyecto_ambiente\Lib\site-packages\django\template\base.py", line 966, in render_annotated
    return self.render(context)
           ^^^^^^^^^^^^^^^^^^^^
  File "C:\Users\jcrod\OneDrive\Desktop\Universidad\cuartoSemestre\LaboratorioSoftwareIII\proyecto\proyecto_ambiente\Lib\site-packages\django\template\defaulttags.py", line 471, in render
    url = reverse(view_name, args=args, kwargs=kwargs, current_app=current_app)
          ^^^^^^^^^^^^^^^^^^^^^^^^^^^^^^^^^^^^^^^^^^^^^^^^^^^^^^^^^^^^^^^^^^^^^
  File "C:\Users\jcrod\OneDrive\Desktop\Universidad\cuartoSemestre\LaboratorioSoftwareIII\proyecto\proyecto_ambiente\Lib\site-packages\django\urls\base.py", line 88, in reverse
    return resolver._reverse_with_prefix(view, prefix, *args, **kwargs)
           ^^^^^^^^^^^^^^^^^^^^^^^^^^^^^^^^^^^^^^^^^^^^^^^^^^^^^^^^^^^^
  File "C:\Users\jcrod\OneDrive\Desktop\Universidad\cuartoSemestre\LaboratorioSoftwareIII\proyecto\proyecto_ambiente\Lib\site-packages\django\urls\resolvers.py", line 828, in _reverse_with_prefix
    raise NoReverseMatch(msg)
django.urls.exceptions.NoReverseMatch: Reverse for 'logout' not found. 'logout' is not a valid view function or pattern name.
Internal Server Error: /
Traceback (most recent call last):
  File "C:\Users\jcrod\OneDrive\Desktop\Universidad\cuartoSemestre\LaboratorioSoftwareIII\proyecto\proyecto_ambiente\Lib\site-packages\django\core\handlers\exception.py", line 55, in inner
    response = get_response(request)
               ^^^^^^^^^^^^^^^^^^^^^
  File "C:\Users\jcrod\OneDrive\Desktop\Universidad\cuartoSemestre\LaboratorioSoftwareIII\proyecto\proyecto_ambiente\Lib\site-packages\django\core\handlers\base.py", line 220, in _get_response
    response = response.render()
               ^^^^^^^^^^^^^^^^^
  File "C:\Users\jcrod\OneDrive\Desktop\Universidad\cuartoSemestre\LaboratorioSoftwareIII\proyecto\proyecto_ambiente\Lib\site-packages\django\template\response.py", line 111, in render
    self.content = self.rendered_content
                   ^^^^^^^^^^^^^^^^^^^^^
  File "C:\Users\jcrod\OneDrive\Desktop\Universidad\cuartoSemestre\LaboratorioSoftwareIII\proyecto\proyecto_ambiente\Lib\site-packages\django\template\response.py", line 89, in rendered_content
    return template.render(context, self._request)
           ^^^^^^^^^^^^^^^^^^^^^^^^^^^^^^^^^^^^^^^
  File "C:\Users\jcrod\OneDrive\Desktop\Universidad\cuartoSemestre\LaboratorioSoftwareIII\proyecto\proyecto_ambiente\Lib\site-packages\django\template\backends\django.py", line 61, in render
    return self.template.render(context)
           ^^^^^^^^^^^^^^^^^^^^^^^^^^^^^
  File "C:\Users\jcrod\OneDrive\Desktop\Universidad\cuartoSemestre\LaboratorioSoftwareIII\proyecto\proyecto_ambiente\Lib\site-packages\django\template\base.py", line 175, in render
    return self._render(context)
           ^^^^^^^^^^^^^^^^^^^^^
  File "C:\Users\jcrod\OneDrive\Desktop\Universidad\cuartoSemestre\LaboratorioSoftwareIII\proyecto\proyecto_ambiente\Lib\site-packages\django\template\base.py", line 167, in _render
    return self.nodelist.render(context)
           ^^^^^^^^^^^^^^^^^^^^^^^^^^^^^
  File "C:\Users\jcrod\OneDrive\Desktop\Universidad\cuartoSemestre\LaboratorioSoftwareIII\proyecto\proyecto_ambiente\Lib\site-packages\django\template\base.py", line 1005, in render
    return SafeString("".join([node.render_annotated(context) for node in self]))
                              ^^^^^^^^^^^^^^^^^^^^^^^^^^^^^^^^^^^^^^^^^^^^^^^^^
  File "C:\Users\jcrod\OneDrive\Desktop\Universidad\cuartoSemestre\LaboratorioSoftwareIII\proyecto\proyecto_ambiente\Lib\site-packages\django\template\base.py", line 1005, in <listcomp>
    return SafeString("".join([node.render_annotated(context) for node in self]))
                               ^^^^^^^^^^^^^^^^^^^^^^^^^^^^^^
  File "C:\Users\jcrod\OneDrive\Desktop\Universidad\cuartoSemestre\LaboratorioSoftwareIII\proyecto\proyecto_ambiente\Lib\site-packages\django\template\base.py", line 966, in render_annotated
    return self.render(context)
           ^^^^^^^^^^^^^^^^^^^^
  File "C:\Users\jcrod\OneDrive\Desktop\Universidad\cuartoSemestre\LaboratorioSoftwareIII\proyecto\proyecto_ambiente\Lib\site-packages\django\template\loader_tags.py", line 208, in render
    return template.render(context)
           ^^^^^^^^^^^^^^^^^^^^^^^^
  File "C:\Users\jcrod\OneDrive\Desktop\Universidad\cuartoSemestre\LaboratorioSoftwareIII\proyecto\proyecto_ambiente\Lib\site-packages\django\template\base.py", line 177, in render
    return self._render(context)
           ^^^^^^^^^^^^^^^^^^^^^
  File "C:\Users\jcrod\OneDrive\Desktop\Universidad\cuartoSemestre\LaboratorioSoftwareIII\proyecto\proyecto_ambiente\Lib\site-packages\django\template\base.py", line 167, in _render
    return self.nodelist.render(context)
           ^^^^^^^^^^^^^^^^^^^^^^^^^^^^^
  File "C:\Users\jcrod\OneDrive\Desktop\Universidad\cuartoSemestre\LaboratorioSoftwareIII\proyecto\proyecto_ambiente\Lib\site-packages\django\template\base.py", line 1005, in render
    return SafeString("".join([node.render_annotated(context) for node in self]))
                              ^^^^^^^^^^^^^^^^^^^^^^^^^^^^^^^^^^^^^^^^^^^^^^^^^
  File "C:\Users\jcrod\OneDrive\Desktop\Universidad\cuartoSemestre\LaboratorioSoftwareIII\proyecto\proyecto_ambiente\Lib\site-packages\django\template\base.py", line 1005, in <listcomp>
    return SafeString("".join([node.render_annotated(context) for node in self]))
                               ^^^^^^^^^^^^^^^^^^^^^^^^^^^^^^
  File "C:\Users\jcrod\OneDrive\Desktop\Universidad\cuartoSemestre\LaboratorioSoftwareIII\proyecto\proyecto_ambiente\Lib\site-packages\django\template\base.py", line 966, in render_annotated
    return self.render(context)
           ^^^^^^^^^^^^^^^^^^^^
  File "C:\Users\jcrod\OneDrive\Desktop\Universidad\cuartoSemestre\LaboratorioSoftwareIII\proyecto\proyecto_ambiente\Lib\site-packages\django\template\defaulttags.py", line 321, in render
    return nodelist.render(context)
           ^^^^^^^^^^^^^^^^^^^^^^^^
  File "C:\Users\jcrod\OneDrive\Desktop\Universidad\cuartoSemestre\LaboratorioSoftwareIII\proyecto\proyecto_ambiente\Lib\site-packages\django\template\base.py", line 1005, in render
    return SafeString("".join([node.render_annotated(context) for node in self]))
                              ^^^^^^^^^^^^^^^^^^^^^^^^^^^^^^^^^^^^^^^^^^^^^^^^^
  File "C:\Users\jcrod\OneDrive\Desktop\Universidad\cuartoSemestre\LaboratorioSoftwareIII\proyecto\proyecto_ambiente\Lib\site-packages\django\template\base.py", line 1005, in <listcomp>
    return SafeString("".join([node.render_annotated(context) for node in self]))
                               ^^^^^^^^^^^^^^^^^^^^^^^^^^^^^^
  File "C:\Users\jcrod\OneDrive\Desktop\Universidad\cuartoSemestre\LaboratorioSoftwareIII\proyecto\proyecto_ambiente\Lib\site-packages\django\template\base.py", line 966, in render_annotated
    return self.render(context)
           ^^^^^^^^^^^^^^^^^^^^
  File "C:\Users\jcrod\OneDrive\Desktop\Universidad\cuartoSemestre\LaboratorioSoftwareIII\proyecto\proyecto_ambiente\Lib\site-packages\django\template\defaulttags.py", line 471, in render
    url = reverse(view_name, args=args, kwargs=kwargs, current_app=current_app)
          ^^^^^^^^^^^^^^^^^^^^^^^^^^^^^^^^^^^^^^^^^^^^^^^^^^^^^^^^^^^^^^^^^^^^^
  File "C:\Users\jcrod\OneDrive\Desktop\Universidad\cuartoSemestre\LaboratorioSoftwareIII\proyecto\proyecto_ambiente\Lib\site-packages\django\urls\base.py", line 88, in reverse
    return resolver._reverse_with_prefix(view, prefix, *args, **kwargs)
           ^^^^^^^^^^^^^^^^^^^^^^^^^^^^^^^^^^^^^^^^^^^^^^^^^^^^^^^^^^^^
  File "C:\Users\jcrod\OneDrive\Desktop\Universidad\cuartoSemestre\LaboratorioSoftwareIII\proyecto\proyecto_ambiente\Lib\site-packages\django\urls\resolvers.py", line 828, in _reverse_with_prefix
    raise NoReverseMatch(msg)
django.urls.exceptions.NoReverseMatch: Reverse for 'logout' not found. 'logout' is not a valid view function or pattern name.
